<?xml version="1.0" encoding="UTF-8"?>
<coverage generated="1715218502276" clover="3.2.0">
  <project timestamp="1715218502276" name="All files">
    <metrics statements="74" coveredstatements="29" conditionals="12" coveredconditionals="2" methods="10" coveredmethods="4" elements="96" coveredelements="35" complexity="0" loc="74" ncloc="74" packages="1" files="2" classes="2"/>
    <file name="LinkedList.js" path="/Users/armasconi/401/data-structures-and-algorithms/linked-list/LinkedList.js">
      <metrics statements="71" coveredstatements="26" conditionals="12" coveredconditionals="2" methods="9" coveredmethods="3"/>
      <line num="1" count="1" type="stmt"/>
      <line num="5" count="4" type="stmt"/>
      <line num="9" count="0" type="stmt"/>
      <line num="10" count="0" type="stmt"/>
      <line num="11" count="0" type="stmt"/>
      <line num="12" count="0" type="stmt"/>
      <line num="13" count="0" type="stmt"/>
      <line num="16" count="0" type="stmt"/>
      <line num="20" count="0" type="stmt"/>
      <line num="24" count="0" type="stmt"/>
      <line num="25" count="0" type="stmt"/>
      <line num="26" count="0" type="cond" truecount="0" falsecount="2"/>
      <line num="27" count="0" type="stmt"/>
      <line num="28" count="0" type="stmt"/>
      <line num="30" count="0" type="stmt"/>
      <line num="34" count="1" type="stmt"/>
      <line num="35" count="1" type="stmt"/>
      <line num="36" count="1" type="stmt"/>
      <line num="37" count="1" type="stmt"/>
      <line num="38" count="1" type="stmt"/>
      <line num="40" count="1" type="stmt"/>
      <line num="41" count="1" type="stmt"/>
      <line num="47" count="4" type="stmt"/>
      <line num="50" count="4" type="cond" truecount="2" falsecount="0"/>
      <line num="51" count="3" type="stmt"/>
      <line num="52" count="3" type="stmt"/>
      <line num="55" count="1" type="stmt"/>
      <line num="56" count="1" type="stmt"/>
      <line num="57" count="0" type="stmt"/>
      <line num="59" count="1" type="stmt"/>
      <line num="63" count="0" type="stmt"/>
      <line num="65" count="0" type="cond" truecount="0" falsecount="2"/>
      <line num="66" count="0" type="stmt"/>
      <line num="67" count="0" type="stmt"/>
      <line num="68" count="0" type="stmt"/>
      <line num="70" count="0" type="stmt"/>
      <line num="71" count="0" type="stmt"/>
      <line num="72" count="0" type="cond" truecount="0" falsecount="2"/>
      <line num="74" count="0" type="stmt"/>
      <line num="75" count="0" type="cond" truecount="0" falsecount="2"/>
      <line num="76" count="0" type="stmt"/>
      <line num="77" count="0" type="stmt"/>
      <line num="79" count="0" type="stmt"/>
      <line num="80" count="0" type="stmt"/>
      <line num="83" count="0" type="stmt"/>
      <line num="87" count="0" type="stmt"/>
      <line num="88" count="0" type="stmt"/>
      <line num="89" count="0" type="cond" truecount="0" falsecount="2"/>
      <line num="90" count="0" type="stmt"/>
      <line num="91" count="0" type="stmt"/>
      <line num="93" count="0" type="stmt"/>
      <line num="95" count="0" type="stmt"/>
      <line num="100" count="0" type="stmt"/>
      <line num="101" count="0" type="stmt"/>
      <line num="102" count="0" type="stmt"/>
      <line num="103" count="0" type="stmt"/>
      <line num="104" count="0" type="stmt"/>
      <line num="106" count="0" type="stmt"/>
      <line num="107" count="0" type="stmt"/>
      <line num="108" count="0" type="stmt"/>
      <line num="110" count="0" type="stmt"/>
      <line num="115" count="1" type="stmt"/>
      <line num="116" count="1" type="stmt"/>
      <line num="117" count="1" type="stmt"/>
      <line num="118" count="1" type="stmt"/>
      <line num="120" count="1" type="stmt"/>
      <line num="121" count="1" type="stmt"/>
      <line num="123" count="1" type="stmt"/>
      <line num="124" count="1" type="stmt"/>
      <line num="127" count="1" type="stmt"/>
      <line num="133" count="1" type="stmt"/>
    </file>
    <file name="SLLNode.js" path="/Users/armasconi/401/data-structures-and-algorithms/linked-list/SLLNode.js">
      <metrics statements="3" coveredstatements="3" conditionals="0" coveredconditionals="0" methods="1" coveredmethods="1"/>
      <line num="3" count="8" type="stmt"/>
      <line num="4" count="8" type="stmt"/>
      <line num="7" count="1" type="stmt"/>
    </file>
  </project>
</coverage>
