{"/Users/armasconi/401/data-structures-and-algorithms/code-challenges/linked-list-zip/zipLists.js": {"path":"/Users/armasconi/401/data-structures-and-algorithms/code-challenges/linked-list-zip/zipLists.js","statementMap":{"0":{"start":{"line":1,"column":13},"end":{"line":1,"column":52}},"1":{"start":{"line":2,"column":19},"end":{"line":2,"column":58}},"2":{"start":{"line":5,"column":4},"end":{"line":5,"column":38}},"3":{"start":{"line":5,"column":26},"end":{"line":5,"column":38}},"4":{"start":{"line":6,"column":4},"end":{"line":8,"column":5}},"5":{"start":{"line":7,"column":8},"end":{"line":7,"column":30}},"6":{"start":{"line":9,"column":15},"end":{"line":9,"column":25}},"7":{"start":{"line":10,"column":15},"end":{"line":10,"column":25}},"8":{"start":{"line":12,"column":4},"end":{"line":25,"column":5}},"9":{"start":{"line":13,"column":20},"end":{"line":13,"column":29}},"10":{"start":{"line":14,"column":20},"end":{"line":14,"column":29}},"11":{"start":{"line":16,"column":8},"end":{"line":16,"column":25}},"12":{"start":{"line":19,"column":8},"end":{"line":24,"column":21}},"13":{"start":{"line":20,"column":12},"end":{"line":20,"column":30}},"14":{"start":{"line":21,"column":12},"end":{"line":21,"column":25}},"15":{"start":{"line":22,"column":12},"end":{"line":22,"column":25}},"16":{"start":{"line":23,"column":12},"end":{"line":23,"column":49}},"17":{"start":{"line":24,"column":15},"end":{"line":24,"column":21}},"18":{"start":{"line":26,"column":4},"end":{"line":26,"column":17}},"19":{"start":{"line":28,"column":0},"end":{"line":28,"column":26}}},"fnMap":{"0":{"name":"zipLists","decl":{"start":{"line":4,"column":9},"end":{"line":4,"column":17}},"loc":{"start":{"line":4,"column":32},"end":{"line":27,"column":1}},"line":4}},"branchMap":{"0":{"loc":{"start":{"line":5,"column":4},"end":{"line":5,"column":38}},"type":"if","locations":[{"start":{"line":5,"column":4},"end":{"line":5,"column":38}},{"start":{},"end":{}}],"line":5},"1":{"loc":{"start":{"line":5,"column":8},"end":{"line":5,"column":24}},"type":"binary-expr","locations":[{"start":{"line":5,"column":8},"end":{"line":5,"column":14}},{"start":{"line":5,"column":18},"end":{"line":5,"column":24}}],"line":5},"2":{"loc":{"start":{"line":6,"column":4},"end":{"line":8,"column":5}},"type":"if","locations":[{"start":{"line":6,"column":4},"end":{"line":8,"column":5}},{"start":{},"end":{}}],"line":6},"3":{"loc":{"start":{"line":6,"column":8},"end":{"line":6,"column":24}},"type":"binary-expr","locations":[{"start":{"line":6,"column":8},"end":{"line":6,"column":14}},{"start":{"line":6,"column":18},"end":{"line":6,"column":24}}],"line":6},"4":{"loc":{"start":{"line":7,"column":15},"end":{"line":7,"column":29}},"type":"binary-expr","locations":[{"start":{"line":7,"column":15},"end":{"line":7,"column":20}},{"start":{"line":7,"column":24},"end":{"line":7,"column":29}}],"line":7},"5":{"loc":{"start":{"line":12,"column":11},"end":{"line":12,"column":23}},"type":"binary-expr","locations":[{"start":{"line":12,"column":11},"end":{"line":12,"column":15}},{"start":{"line":12,"column":19},"end":{"line":12,"column":23}}],"line":12},"6":{"loc":{"start":{"line":19,"column":8},"end":{"line":24,"column":21}},"type":"if","locations":[{"start":{"line":19,"column":8},"end":{"line":24,"column":21}},{"start":{"line":24,"column":15},"end":{"line":24,"column":21}}],"line":19}},"s":{"0":1,"1":1,"2":1,"3":0,"4":1,"5":0,"6":1,"7":1,"8":1,"9":3,"10":3,"11":3,"12":3,"13":2,"14":2,"15":2,"16":2,"17":1,"18":1,"19":1},"f":{"0":1},"b":{"0":[0,1],"1":[1,0],"2":[0,1],"3":[1,1],"4":[0,0],"5":[3,3],"6":[2,1]},"_coverageSchema":"1a1c01bbd47fc00a2c39e90264f33305004495a9","hash":"7f1829171e61b18e6b7c92bfcca7d6c238bcc405"}
,"/Users/armasconi/401/data-structures-and-algorithms/linked-list/LinkedList.js": {"path":"/Users/armasconi/401/data-structures-and-algorithms/linked-list/LinkedList.js","statementMap":{"0":{"start":{"line":1,"column":13},"end":{"line":1,"column":33}},"1":{"start":{"line":5,"column":8},"end":{"line":5,"column":25}},"2":{"start":{"line":9,"column":18},"end":{"line":9,"column":27}},"3":{"start":{"line":10,"column":22},"end":{"line":10,"column":23}},"4":{"start":{"line":11,"column":8},"end":{"line":15,"column":9}},"5":{"start":{"line":12,"column":12},"end":{"line":12,"column":39}},"6":{"start":{"line":13,"column":12},"end":{"line":13,"column":27}},"7":{"start":{"line":14,"column":12},"end":{"line":14,"column":25}},"8":{"start":{"line":16,"column":8},"end":{"line":16,"column":22}},"9":{"start":{"line":21,"column":8},"end":{"line":21,"column":25}},"10":{"start":{"line":25,"column":18},"end":{"line":25,"column":27}},"11":{"start":{"line":26,"column":8},"end":{"line":30,"column":9}},"12":{"start":{"line":27,"column":12},"end":{"line":28,"column":28}},"13":{"start":{"line":28,"column":16},"end":{"line":28,"column":28}},"14":{"start":{"line":29,"column":12},"end":{"line":29,"column":27}},"15":{"start":{"line":31,"column":8},"end":{"line":31,"column":21}},"16":{"start":{"line":35,"column":16},"end":{"line":35,"column":18}},"17":{"start":{"line":36,"column":18},"end":{"line":36,"column":27}},"18":{"start":{"line":37,"column":8},"end":{"line":40,"column":9}},"19":{"start":{"line":38,"column":12},"end":{"line":38,"column":40}},"20":{"start":{"line":39,"column":12},"end":{"line":39,"column":27}},"21":{"start":{"line":41,"column":8},"end":{"line":41,"column":22}},"22":{"start":{"line":42,"column":8},"end":{"line":42,"column":23}},"23":{"start":{"line":48,"column":24},"end":{"line":48,"column":37}},"24":{"start":{"line":51,"column":8},"end":{"line":54,"column":9}},"25":{"start":{"line":52,"column":12},"end":{"line":52,"column":32}},"26":{"start":{"line":53,"column":12},"end":{"line":53,"column":19}},"27":{"start":{"line":56,"column":18},"end":{"line":56,"column":27}},"28":{"start":{"line":57,"column":8},"end":{"line":58,"column":27}},"29":{"start":{"line":58,"column":12},"end":{"line":58,"column":27}},"30":{"start":{"line":60,"column":8},"end":{"line":60,"column":27}},"31":{"start":{"line":64,"column":22},"end":{"line":64,"column":35}},"32":{"start":{"line":65,"column":18},"end":{"line":65,"column":27}},"33":{"start":{"line":67,"column":8},"end":{"line":71,"column":9}},"34":{"start":{"line":68,"column":12},"end":{"line":68,"column":37}},"35":{"start":{"line":69,"column":12},"end":{"line":69,"column":32}},"36":{"start":{"line":70,"column":12},"end":{"line":70,"column":19}},"37":{"start":{"line":72,"column":19},"end":{"line":72,"column":23}},"38":{"start":{"line":73,"column":8},"end":{"line":83,"column":9}},"39":{"start":{"line":74,"column":12},"end":{"line":80,"column":13}},"40":{"start":{"line":76,"column":16},"end":{"line":76,"column":35}},"41":{"start":{"line":77,"column":16},"end":{"line":78,"column":40}},"42":{"start":{"line":78,"column":20},"end":{"line":78,"column":40}},"43":{"start":{"line":79,"column":16},"end":{"line":79,"column":23}},"44":{"start":{"line":81,"column":12},"end":{"line":81,"column":23}},"45":{"start":{"line":82,"column":12},"end":{"line":82,"column":26}},"46":{"start":{"line":85,"column":8},"end":{"line":85,"column":51}},"47":{"start":{"line":89,"column":22},"end":{"line":89,"column":35}},"48":{"start":{"line":90,"column":18},"end":{"line":90,"column":27}},"49":{"start":{"line":91,"column":8},"end":{"line":97,"column":9}},"50":{"start":{"line":92,"column":12},"end":{"line":95,"column":13}},"51":{"start":{"line":93,"column":16},"end":{"line":93,"column":40}},"52":{"start":{"line":94,"column":16},"end":{"line":94,"column":35}},"53":{"start":{"line":96,"column":12},"end":{"line":96,"column":27}},"54":{"start":{"line":98,"column":8},"end":{"line":98,"column":60}},"55":{"start":{"line":103,"column":18},"end":{"line":103,"column":27}},"56":{"start":{"line":104,"column":19},"end":{"line":104,"column":22}},"57":{"start":{"line":105,"column":16},"end":{"line":105,"column":17}},"58":{"start":{"line":106,"column":8},"end":{"line":108,"column":9}},"59":{"start":{"line":107,"column":12},"end":{"line":107,"column":27}},"60":{"start":{"line":109,"column":8},"end":{"line":112,"column":9}},"61":{"start":{"line":110,"column":12},"end":{"line":110,"column":27}},"62":{"start":{"line":111,"column":12},"end":{"line":111,"column":29}},"63":{"start":{"line":113,"column":8},"end":{"line":113,"column":24}},"64":{"start":{"line":119,"column":0},"end":{"line":119,"column":28}}},"fnMap":{"0":{"name":"(anonymous_0)","decl":{"start":{"line":4,"column":4},"end":{"line":4,"column":5}},"loc":{"start":{"line":4,"column":18},"end":{"line":6,"column":5}},"line":4},"1":{"name":"(anonymous_1)","decl":{"start":{"line":8,"column":4},"end":{"line":8,"column":5}},"loc":{"start":{"line":8,"column":14},"end":{"line":17,"column":5}},"line":8},"2":{"name":"(anonymous_2)","decl":{"start":{"line":20,"column":4},"end":{"line":20,"column":5}},"loc":{"start":{"line":20,"column":17},"end":{"line":22,"column":5}},"line":20},"3":{"name":"(anonymous_3)","decl":{"start":{"line":24,"column":4},"end":{"line":24,"column":5}},"loc":{"start":{"line":24,"column":17},"end":{"line":32,"column":5}},"line":24},"4":{"name":"(anonymous_4)","decl":{"start":{"line":34,"column":4},"end":{"line":34,"column":5}},"loc":{"start":{"line":34,"column":15},"end":{"line":43,"column":5}},"line":34},"5":{"name":"(anonymous_5)","decl":{"start":{"line":47,"column":4},"end":{"line":47,"column":5}},"loc":{"start":{"line":47,"column":16},"end":{"line":61,"column":5}},"line":47},"6":{"name":"(anonymous_6)","decl":{"start":{"line":63,"column":4},"end":{"line":63,"column":5}},"loc":{"start":{"line":63,"column":30},"end":{"line":86,"column":5}},"line":63},"7":{"name":"(anonymous_7)","decl":{"start":{"line":88,"column":4},"end":{"line":88,"column":5}},"loc":{"start":{"line":88,"column":29},"end":{"line":99,"column":5}},"line":88},"8":{"name":"(anonymous_8)","decl":{"start":{"line":102,"column":4},"end":{"line":102,"column":5}},"loc":{"start":{"line":102,"column":18},"end":{"line":114,"column":5}},"line":102}},"branchMap":{"0":{"loc":{"start":{"line":27,"column":12},"end":{"line":28,"column":28}},"type":"if","locations":[{"start":{"line":27,"column":12},"end":{"line":28,"column":28}},{"start":{},"end":{}}],"line":27},"1":{"loc":{"start":{"line":51,"column":8},"end":{"line":54,"column":9}},"type":"if","locations":[{"start":{"line":51,"column":8},"end":{"line":54,"column":9}},{"start":{},"end":{}}],"line":51},"2":{"loc":{"start":{"line":67,"column":8},"end":{"line":71,"column":9}},"type":"if","locations":[{"start":{"line":67,"column":8},"end":{"line":71,"column":9}},{"start":{},"end":{}}],"line":67},"3":{"loc":{"start":{"line":74,"column":12},"end":{"line":80,"column":13}},"type":"if","locations":[{"start":{"line":74,"column":12},"end":{"line":80,"column":13}},{"start":{},"end":{}}],"line":74},"4":{"loc":{"start":{"line":77,"column":16},"end":{"line":78,"column":40}},"type":"if","locations":[{"start":{"line":77,"column":16},"end":{"line":78,"column":40}},{"start":{},"end":{}}],"line":77},"5":{"loc":{"start":{"line":92,"column":12},"end":{"line":95,"column":13}},"type":"if","locations":[{"start":{"line":92,"column":12},"end":{"line":95,"column":13}},{"start":{},"end":{}}],"line":92}},"s":{"0":2,"1":19,"2":0,"3":0,"4":0,"5":0,"6":0,"7":0,"8":0,"9":0,"10":0,"11":0,"12":0,"13":0,"14":0,"15":0,"16":0,"17":0,"18":0,"19":0,"20":0,"21":0,"22":0,"23":25,"24":25,"25":10,"26":10,"27":15,"28":15,"29":15,"30":15,"31":2,"32":2,"33":2,"34":0,"35":0,"36":0,"37":2,"38":2,"39":4,"40":2,"41":2,"42":2,"43":2,"44":2,"45":2,"46":0,"47":0,"48":0,"49":0,"50":0,"51":0,"52":0,"53":0,"54":0,"55":0,"56":0,"57":0,"58":0,"59":0,"60":0,"61":0,"62":0,"63":0,"64":2},"f":{"0":19,"1":0,"2":0,"3":0,"4":0,"5":25,"6":2,"7":0,"8":0},"b":{"0":[0,0],"1":[10,15],"2":[0,2],"3":[2,2],"4":[2,0],"5":[0,0]},"_coverageSchema":"1a1c01bbd47fc00a2c39e90264f33305004495a9","hash":"29340de82e57064f7d2509c48568549a488f65ea"}
,"/Users/armasconi/401/data-structures-and-algorithms/linked-list/SLLNode.js": {"path":"/Users/armasconi/401/data-structures-and-algorithms/linked-list/SLLNode.js","statementMap":{"0":{"start":{"line":3,"column":4},"end":{"line":3,"column":19}},"1":{"start":{"line":4,"column":4},"end":{"line":4,"column":21}},"2":{"start":{"line":7,"column":0},"end":{"line":7,"column":22}}},"fnMap":{"0":{"name":"(anonymous_0)","decl":{"start":{"line":2,"column":2},"end":{"line":2,"column":3}},"loc":{"start":{"line":2,"column":19},"end":{"line":5,"column":3}},"line":2}},"branchMap":{},"s":{"0":31,"1":31,"2":2},"f":{"0":31},"b":{},"_coverageSchema":"1a1c01bbd47fc00a2c39e90264f33305004495a9","hash":"897ce8338e9269519b5657266888f96845d859cf"}
,"/Users/armasconi/401/data-structures-and-algorithms/stack-and-queue/stack-and-queue.js": {"path":"/Users/armasconi/401/data-structures-and-algorithms/stack-and-queue/stack-and-queue.js","statementMap":{"0":{"start":{"line":1,"column":19},"end":{"line":1,"column":55}},"1":{"start":{"line":2,"column":13},"end":{"line":2,"column":46}},"2":{"start":{"line":6,"column":8},"end":{"line":6,"column":37}},"3":{"start":{"line":10,"column":24},"end":{"line":10,"column":39}},"4":{"start":{"line":11,"column":8},"end":{"line":11,"column":38}},"5":{"start":{"line":12,"column":8},"end":{"line":12,"column":33}},"6":{"start":{"line":16,"column":8},"end":{"line":18,"column":9}},"7":{"start":{"line":17,"column":12},"end":{"line":17,"column":46}},"8":{"start":{"line":19,"column":22},"end":{"line":19,"column":40}},"9":{"start":{"line":20,"column":8},"end":{"line":20,"column":45}},"10":{"start":{"line":21,"column":8},"end":{"line":21,"column":21}},"11":{"start":{"line":25,"column":8},"end":{"line":27,"column":9}},"12":{"start":{"line":26,"column":12},"end":{"line":26,"column":46}},"13":{"start":{"line":28,"column":8},"end":{"line":28,"column":34}},"14":{"start":{"line":32,"column":8},"end":{"line":32,"column":39}},"15":{"start":{"line":38,"column":8},"end":{"line":38,"column":37}},"16":{"start":{"line":42,"column":8},"end":{"line":42,"column":32}},"17":{"start":{"line":46,"column":8},"end":{"line":48,"column":9}},"18":{"start":{"line":47,"column":12},"end":{"line":47,"column":46}},"19":{"start":{"line":49,"column":22},"end":{"line":49,"column":40}},"20":{"start":{"line":50,"column":8},"end":{"line":50,"column":45}},"21":{"start":{"line":51,"column":8},"end":{"line":51,"column":21}},"22":{"start":{"line":55,"column":8},"end":{"line":57,"column":9}},"23":{"start":{"line":56,"column":12},"end":{"line":56,"column":46}},"24":{"start":{"line":58,"column":8},"end":{"line":58,"column":34}},"25":{"start":{"line":62,"column":8},"end":{"line":62,"column":39}},"26":{"start":{"line":67,"column":0},"end":{"line":67,"column":34}}},"fnMap":{"0":{"name":"(anonymous_0)","decl":{"start":{"line":5,"column":4},"end":{"line":5,"column":5}},"loc":{"start":{"line":5,"column":18},"end":{"line":7,"column":5}},"line":5},"1":{"name":"(anonymous_1)","decl":{"start":{"line":9,"column":4},"end":{"line":9,"column":5}},"loc":{"start":{"line":9,"column":16},"end":{"line":13,"column":5}},"line":9},"2":{"name":"(anonymous_2)","decl":{"start":{"line":15,"column":4},"end":{"line":15,"column":5}},"loc":{"start":{"line":15,"column":10},"end":{"line":22,"column":5}},"line":15},"3":{"name":"(anonymous_3)","decl":{"start":{"line":24,"column":4},"end":{"line":24,"column":5}},"loc":{"start":{"line":24,"column":11},"end":{"line":29,"column":5}},"line":24},"4":{"name":"(anonymous_4)","decl":{"start":{"line":31,"column":4},"end":{"line":31,"column":5}},"loc":{"start":{"line":31,"column":14},"end":{"line":33,"column":5}},"line":31},"5":{"name":"(anonymous_5)","decl":{"start":{"line":37,"column":4},"end":{"line":37,"column":5}},"loc":{"start":{"line":37,"column":18},"end":{"line":39,"column":5}},"line":37},"6":{"name":"(anonymous_6)","decl":{"start":{"line":41,"column":4},"end":{"line":41,"column":5}},"loc":{"start":{"line":41,"column":19},"end":{"line":43,"column":5}},"line":41},"7":{"name":"(anonymous_7)","decl":{"start":{"line":45,"column":4},"end":{"line":45,"column":5}},"loc":{"start":{"line":45,"column":14},"end":{"line":52,"column":5}},"line":45},"8":{"name":"(anonymous_8)","decl":{"start":{"line":54,"column":4},"end":{"line":54,"column":5}},"loc":{"start":{"line":54,"column":11},"end":{"line":59,"column":5}},"line":54},"9":{"name":"(anonymous_9)","decl":{"start":{"line":61,"column":4},"end":{"line":61,"column":5}},"loc":{"start":{"line":61,"column":14},"end":{"line":63,"column":5}},"line":61}},"branchMap":{"0":{"loc":{"start":{"line":16,"column":8},"end":{"line":18,"column":9}},"type":"if","locations":[{"start":{"line":16,"column":8},"end":{"line":18,"column":9}},{"start":{},"end":{}}],"line":16},"1":{"loc":{"start":{"line":25,"column":8},"end":{"line":27,"column":9}},"type":"if","locations":[{"start":{"line":25,"column":8},"end":{"line":27,"column":9}},{"start":{},"end":{}}],"line":25},"2":{"loc":{"start":{"line":46,"column":8},"end":{"line":48,"column":9}},"type":"if","locations":[{"start":{"line":46,"column":8},"end":{"line":48,"column":9}},{"start":{},"end":{}}],"line":46},"3":{"loc":{"start":{"line":55,"column":8},"end":{"line":57,"column":9}},"type":"if","locations":[{"start":{"line":55,"column":8},"end":{"line":57,"column":9}},{"start":{},"end":{}}],"line":55}},"s":{"0":1,"1":1,"2":6,"3":4,"4":4,"5":4,"6":2,"7":1,"8":1,"9":1,"10":1,"11":3,"12":1,"13":2,"14":2,"15":6,"16":4,"17":2,"18":1,"19":1,"20":1,"21":1,"22":3,"23":1,"24":2,"25":2,"26":1},"f":{"0":6,"1":4,"2":2,"3":3,"4":2,"5":6,"6":4,"7":2,"8":3,"9":2},"b":{"0":[1,1],"1":[1,2],"2":[1,1],"3":[1,2]},"_coverageSchema":"1a1c01bbd47fc00a2c39e90264f33305004495a9","hash":"186d73af1f46de5024607f1cb7b222df06966035"}
,"/Users/armasconi/401/data-structures-and-algorithms/stack-and-queue/pseudoQueue/pseudoQueue.js": {"path":"/Users/armasconi/401/data-structures-and-algorithms/stack-and-queue/pseudoQueue/pseudoQueue.js","statementMap":{"0":{"start":{"line":3,"column":8},"end":{"line":3,"column":25}},"1":{"start":{"line":4,"column":8},"end":{"line":4,"column":25}},"2":{"start":{"line":9,"column":8},"end":{"line":11,"column":9}},"3":{"start":{"line":10,"column":12},"end":{"line":10,"column":48}},"4":{"start":{"line":13,"column":8},"end":{"line":13,"column":32}},"5":{"start":{"line":18,"column":8},"end":{"line":20,"column":9}},"6":{"start":{"line":19,"column":12},"end":{"line":19,"column":48}},"7":{"start":{"line":22,"column":8},"end":{"line":22,"column":33}},"8":{"start":{"line":26,"column":8},"end":{"line":26,"column":68}},"9":{"start":{"line":30,"column":8},"end":{"line":30,"column":55}},"10":{"start":{"line":35,"column":8},"end":{"line":35,"column":38}},"11":{"start":{"line":36,"column":8},"end":{"line":36,"column":63}},"12":{"start":{"line":41,"column":14},"end":{"line":41,"column":31}},"13":{"start":{"line":42,"column":0},"end":{"line":42,"column":17}},"14":{"start":{"line":43,"column":0},"end":{"line":43,"column":17}},"15":{"start":{"line":44,"column":0},"end":{"line":44,"column":17}},"16":{"start":{"line":45,"column":0},"end":{"line":45,"column":19}},"17":{"start":{"line":46,"column":0},"end":{"line":46,"column":29}},"18":{"start":{"line":47,"column":0},"end":{"line":47,"column":29}},"19":{"start":{"line":48,"column":0},"end":{"line":48,"column":19}},"20":{"start":{"line":49,"column":0},"end":{"line":49,"column":26}},"21":{"start":{"line":52,"column":0},"end":{"line":52,"column":29}}},"fnMap":{"0":{"name":"(anonymous_0)","decl":{"start":{"line":2,"column":4},"end":{"line":2,"column":5}},"loc":{"start":{"line":2,"column":18},"end":{"line":5,"column":5}},"line":2},"1":{"name":"(anonymous_1)","decl":{"start":{"line":7,"column":4},"end":{"line":7,"column":5}},"loc":{"start":{"line":7,"column":19},"end":{"line":14,"column":5}},"line":7},"2":{"name":"(anonymous_2)","decl":{"start":{"line":16,"column":4},"end":{"line":16,"column":5}},"loc":{"start":{"line":16,"column":14},"end":{"line":23,"column":5}},"line":16},"3":{"name":"(anonymous_3)","decl":{"start":{"line":25,"column":4},"end":{"line":25,"column":5}},"loc":{"start":{"line":25,"column":14},"end":{"line":27,"column":5}},"line":25},"4":{"name":"(anonymous_4)","decl":{"start":{"line":29,"column":4},"end":{"line":29,"column":5}},"loc":{"start":{"line":29,"column":11},"end":{"line":31,"column":5}},"line":29},"5":{"name":"(anonymous_5)","decl":{"start":{"line":34,"column":4},"end":{"line":34,"column":5}},"loc":{"start":{"line":34,"column":17},"end":{"line":37,"column":5}},"line":34}},"branchMap":{"0":{"loc":{"start":{"line":26,"column":15},"end":{"line":26,"column":67}},"type":"binary-expr","locations":[{"start":{"line":26,"column":15},"end":{"line":26,"column":39}},{"start":{"line":26,"column":43},"end":{"line":26,"column":67}}],"line":26}},"s":{"0":4,"1":4,"2":10,"3":0,"4":10,"5":6,"6":9,"7":6,"8":3,"9":3,"10":2,"11":2,"12":1,"13":1,"14":1,"15":1,"16":1,"17":1,"18":1,"19":1,"20":1,"21":1},"f":{"0":4,"1":10,"2":6,"3":3,"4":3,"5":2},"b":{"0":[3,2]},"_coverageSchema":"1a1c01bbd47fc00a2c39e90264f33305004495a9","hash":"6213248ca83483d0d68e047c20fb9a7be51a6f07"}
}
