{"/Users/armasconi/401/data-structures-and-algorithms/code-challenges/hashmap-intersection/tree_intersection.js": {"path":"/Users/armasconi/401/data-structures-and-algorithms/code-challenges/hashmap-intersection/tree_intersection.js","statementMap":{"0":{"start":{"line":1,"column":18},"end":{"line":1,"column":55}},"1":{"start":{"line":4,"column":28},"end":{"line":4,"column":43}},"2":{"start":{"line":5,"column":25},"end":{"line":5,"column":27}},"3":{"start":{"line":9,"column":8},"end":{"line":13,"column":9}},"4":{"start":{"line":10,"column":12},"end":{"line":10,"column":39}},"5":{"start":{"line":11,"column":12},"end":{"line":11,"column":58}},"6":{"start":{"line":12,"column":12},"end":{"line":12,"column":40}},"7":{"start":{"line":16,"column":4},"end":{"line":16,"column":27}},"8":{"start":{"line":20,"column":8},"end":{"line":27,"column":9}},"9":{"start":{"line":21,"column":12},"end":{"line":21,"column":40}},"10":{"start":{"line":22,"column":12},"end":{"line":25,"column":13}},"11":{"start":{"line":23,"column":16},"end":{"line":23,"column":46}},"12":{"start":{"line":24,"column":16},"end":{"line":24,"column":63}},"13":{"start":{"line":26,"column":12},"end":{"line":26,"column":41}},"14":{"start":{"line":30,"column":4},"end":{"line":30,"column":28}},"15":{"start":{"line":32,"column":4},"end":{"line":32,"column":24}},"16":{"start":{"line":35,"column":0},"end":{"line":35,"column":35}}},"fnMap":{"0":{"name":"tree_intersection","decl":{"start":{"line":3,"column":9},"end":{"line":3,"column":26}},"loc":{"start":{"line":3,"column":41},"end":{"line":33,"column":1}},"line":3},"1":{"name":"traverseInOrder","decl":{"start":{"line":8,"column":13},"end":{"line":8,"column":28}},"loc":{"start":{"line":8,"column":35},"end":{"line":14,"column":5}},"line":8},"2":{"name":"traverseAndCheck","decl":{"start":{"line":19,"column":13},"end":{"line":19,"column":29}},"loc":{"start":{"line":19,"column":36},"end":{"line":28,"column":5}},"line":19}},"branchMap":{"0":{"loc":{"start":{"line":9,"column":8},"end":{"line":13,"column":9}},"type":"if","locations":[{"start":{"line":9,"column":8},"end":{"line":13,"column":9}},{"start":{},"end":{}}],"line":9},"1":{"loc":{"start":{"line":20,"column":8},"end":{"line":27,"column":9}},"type":"if","locations":[{"start":{"line":20,"column":8},"end":{"line":27,"column":9}},{"start":{},"end":{}}],"line":20},"2":{"loc":{"start":{"line":22,"column":12},"end":{"line":25,"column":13}},"type":"if","locations":[{"start":{"line":22,"column":12},"end":{"line":25,"column":13}},{"start":{},"end":{}}],"line":22}},"s":{"0":1,"1":3,"2":3,"3":29,"4":13,"5":13,"6":13,"7":3,"8":29,"9":13,"10":13,"11":7,"12":7,"13":13,"14":3,"15":3,"16":1},"f":{"0":3,"1":29,"2":29},"b":{"0":[13,16],"1":[13,16],"2":[7,6]},"_coverageSchema":"1a1c01bbd47fc00a2c39e90264f33305004495a9","hash":"717ae743fac7f727a17b5f4f38bcb2609f012447"}
,"/Users/armasconi/401/data-structures-and-algorithms/code-challenges/hashmap-repeated-word/repeatedWord.js": {"path":"/Users/armasconi/401/data-structures-and-algorithms/code-challenges/hashmap-repeated-word/repeatedWord.js","statementMap":{"0":{"start":{"line":1,"column":18},"end":{"line":1,"column":58}},"1":{"start":{"line":4,"column":22},"end":{"line":4,"column":37}},"2":{"start":{"line":5,"column":24},"end":{"line":7,"column":21}},"3":{"start":{"line":10,"column":4},"end":{"line":15,"column":5}},"4":{"start":{"line":11,"column":8},"end":{"line":14,"column":38}},"5":{"start":{"line":12,"column":12},"end":{"line":12,"column":24}},"6":{"start":{"line":14,"column":12},"end":{"line":14,"column":38}},"7":{"start":{"line":16,"column":4},"end":{"line":16,"column":20}},"8":{"start":{"line":21,"column":0},"end":{"line":21,"column":26}}},"fnMap":{"0":{"name":"repeated","decl":{"start":{"line":3,"column":9},"end":{"line":3,"column":17}},"loc":{"start":{"line":3,"column":24},"end":{"line":17,"column":1}},"line":3}},"branchMap":{"0":{"loc":{"start":{"line":11,"column":8},"end":{"line":14,"column":38}},"type":"if","locations":[{"start":{"line":11,"column":8},"end":{"line":14,"column":38}},{"start":{"line":14,"column":12},"end":{"line":14,"column":38}}],"line":11}},"s":{"0":1,"1":7,"2":7,"3":7,"4":25,"5":4,"6":21,"7":3,"8":1},"f":{"0":7},"b":{"0":[4,21]},"_coverageSchema":"1a1c01bbd47fc00a2c39e90264f33305004495a9","hash":"9c9681a16c540f2aa5543cf05623fa7de68ee345"}
,"/Users/armasconi/401/data-structures-and-algorithms/code-challenges/linked-list-zip/zipLists.js": {"path":"/Users/armasconi/401/data-structures-and-algorithms/code-challenges/linked-list-zip/zipLists.js","statementMap":{"0":{"start":{"line":1,"column":13},"end":{"line":1,"column":52}},"1":{"start":{"line":4,"column":4},"end":{"line":4,"column":38}},"2":{"start":{"line":4,"column":26},"end":{"line":4,"column":38}},"3":{"start":{"line":5,"column":4},"end":{"line":7,"column":5}},"4":{"start":{"line":6,"column":8},"end":{"line":6,"column":30}},"5":{"start":{"line":8,"column":15},"end":{"line":8,"column":25}},"6":{"start":{"line":9,"column":15},"end":{"line":9,"column":25}},"7":{"start":{"line":11,"column":4},"end":{"line":24,"column":5}},"8":{"start":{"line":12,"column":20},"end":{"line":12,"column":29}},"9":{"start":{"line":13,"column":20},"end":{"line":13,"column":29}},"10":{"start":{"line":15,"column":8},"end":{"line":15,"column":25}},"11":{"start":{"line":18,"column":8},"end":{"line":23,"column":21}},"12":{"start":{"line":19,"column":12},"end":{"line":19,"column":30}},"13":{"start":{"line":20,"column":12},"end":{"line":20,"column":25}},"14":{"start":{"line":21,"column":12},"end":{"line":21,"column":25}},"15":{"start":{"line":22,"column":12},"end":{"line":22,"column":49}},"16":{"start":{"line":23,"column":15},"end":{"line":23,"column":21}},"17":{"start":{"line":25,"column":4},"end":{"line":25,"column":17}},"18":{"start":{"line":28,"column":0},"end":{"line":28,"column":26}}},"fnMap":{"0":{"name":"zipLists","decl":{"start":{"line":3,"column":9},"end":{"line":3,"column":17}},"loc":{"start":{"line":3,"column":32},"end":{"line":26,"column":1}},"line":3}},"branchMap":{"0":{"loc":{"start":{"line":4,"column":4},"end":{"line":4,"column":38}},"type":"if","locations":[{"start":{"line":4,"column":4},"end":{"line":4,"column":38}},{"start":{},"end":{}}],"line":4},"1":{"loc":{"start":{"line":4,"column":8},"end":{"line":4,"column":24}},"type":"binary-expr","locations":[{"start":{"line":4,"column":8},"end":{"line":4,"column":14}},{"start":{"line":4,"column":18},"end":{"line":4,"column":24}}],"line":4},"2":{"loc":{"start":{"line":5,"column":4},"end":{"line":7,"column":5}},"type":"if","locations":[{"start":{"line":5,"column":4},"end":{"line":7,"column":5}},{"start":{},"end":{}}],"line":5},"3":{"loc":{"start":{"line":5,"column":8},"end":{"line":5,"column":24}},"type":"binary-expr","locations":[{"start":{"line":5,"column":8},"end":{"line":5,"column":14}},{"start":{"line":5,"column":18},"end":{"line":5,"column":24}}],"line":5},"4":{"loc":{"start":{"line":6,"column":15},"end":{"line":6,"column":29}},"type":"binary-expr","locations":[{"start":{"line":6,"column":15},"end":{"line":6,"column":20}},{"start":{"line":6,"column":24},"end":{"line":6,"column":29}}],"line":6},"5":{"loc":{"start":{"line":11,"column":11},"end":{"line":11,"column":23}},"type":"binary-expr","locations":[{"start":{"line":11,"column":11},"end":{"line":11,"column":15}},{"start":{"line":11,"column":19},"end":{"line":11,"column":23}}],"line":11},"6":{"loc":{"start":{"line":18,"column":8},"end":{"line":23,"column":21}},"type":"if","locations":[{"start":{"line":18,"column":8},"end":{"line":23,"column":21}},{"start":{"line":23,"column":15},"end":{"line":23,"column":21}}],"line":18}},"s":{"0":1,"1":1,"2":0,"3":1,"4":0,"5":1,"6":1,"7":1,"8":3,"9":3,"10":3,"11":3,"12":2,"13":2,"14":2,"15":2,"16":1,"17":1,"18":1},"f":{"0":1},"b":{"0":[0,1],"1":[1,0],"2":[0,1],"3":[1,1],"4":[0,0],"5":[3,3],"6":[2,1]},"_coverageSchema":"1a1c01bbd47fc00a2c39e90264f33305004495a9","hash":"482dc0f9b876f481f480621a3a9ac2b11bb52d7f"}
,"/Users/armasconi/401/data-structures-and-algorithms/code-challenges/stack-queue-animal-shelter/Shelter.js": {"path":"/Users/armasconi/401/data-structures-and-algorithms/code-challenges/stack-queue-animal-shelter/Shelter.js","statementMap":{"0":{"start":{"line":1,"column":20},"end":{"line":4,"column":1}},"1":{"start":{"line":7,"column":21},"end":{"line":7,"column":32}},"2":{"start":{"line":9,"column":8},"end":{"line":9,"column":25}},"3":{"start":{"line":10,"column":8},"end":{"line":10,"column":31}},"4":{"start":{"line":16,"column":8},"end":{"line":16,"column":27}},"5":{"start":{"line":17,"column":8},"end":{"line":17,"column":27}},"6":{"start":{"line":21,"column":8},"end":{"line":27,"column":9}},"7":{"start":{"line":22,"column":12},"end":{"line":22,"column":39}},"8":{"start":{"line":23,"column":15},"end":{"line":27,"column":9}},"9":{"start":{"line":24,"column":12},"end":{"line":24,"column":39}},"10":{"start":{"line":26,"column":12},"end":{"line":26,"column":59}},"11":{"start":{"line":31,"column":8},"end":{"line":38,"column":9}},"12":{"start":{"line":32,"column":12},"end":{"line":32,"column":49}},"13":{"start":{"line":33,"column":15},"end":{"line":38,"column":9}},"14":{"start":{"line":34,"column":12},"end":{"line":34,"column":49}},"15":{"start":{"line":36,"column":12},"end":{"line":36,"column":63}},"16":{"start":{"line":37,"column":12},"end":{"line":37,"column":24}},"17":{"start":{"line":42,"column":0},"end":{"line":45,"column":1}}},"fnMap":{"0":{"name":"(anonymous_0)","decl":{"start":{"line":8,"column":4},"end":{"line":8,"column":5}},"loc":{"start":{"line":8,"column":31},"end":{"line":11,"column":5}},"line":8},"1":{"name":"(anonymous_1)","decl":{"start":{"line":15,"column":4},"end":{"line":15,"column":5}},"loc":{"start":{"line":15,"column":18},"end":{"line":18,"column":5}},"line":15},"2":{"name":"(anonymous_2)","decl":{"start":{"line":20,"column":4},"end":{"line":20,"column":5}},"loc":{"start":{"line":20,"column":20},"end":{"line":28,"column":5}},"line":20},"3":{"name":"(anonymous_3)","decl":{"start":{"line":30,"column":4},"end":{"line":30,"column":5}},"loc":{"start":{"line":30,"column":18},"end":{"line":39,"column":5}},"line":30}},"branchMap":{"0":{"loc":{"start":{"line":21,"column":8},"end":{"line":27,"column":9}},"type":"if","locations":[{"start":{"line":21,"column":8},"end":{"line":27,"column":9}},{"start":{"line":23,"column":15},"end":{"line":27,"column":9}}],"line":21},"1":{"loc":{"start":{"line":23,"column":15},"end":{"line":27,"column":9}},"type":"if","locations":[{"start":{"line":23,"column":15},"end":{"line":27,"column":9}},{"start":{"line":25,"column":15},"end":{"line":27,"column":9}}],"line":23},"2":{"loc":{"start":{"line":31,"column":8},"end":{"line":38,"column":9}},"type":"if","locations":[{"start":{"line":31,"column":8},"end":{"line":38,"column":9}},{"start":{"line":33,"column":15},"end":{"line":38,"column":9}}],"line":31},"3":{"loc":{"start":{"line":32,"column":19},"end":{"line":32,"column":48}},"type":"binary-expr","locations":[{"start":{"line":32,"column":19},"end":{"line":32,"column":40}},{"start":{"line":32,"column":44},"end":{"line":32,"column":48}}],"line":32},"4":{"loc":{"start":{"line":33,"column":15},"end":{"line":38,"column":9}},"type":"if","locations":[{"start":{"line":33,"column":15},"end":{"line":38,"column":9}},{"start":{"line":35,"column":15},"end":{"line":38,"column":9}}],"line":33},"5":{"loc":{"start":{"line":34,"column":19},"end":{"line":34,"column":48}},"type":"binary-expr","locations":[{"start":{"line":34,"column":19},"end":{"line":34,"column":40}},{"start":{"line":34,"column":44},"end":{"line":34,"column":48}}],"line":34}},"s":{"0":1,"1":1,"2":0,"3":0,"4":0,"5":0,"6":0,"7":0,"8":0,"9":0,"10":0,"11":0,"12":0,"13":0,"14":0,"15":0,"16":0,"17":1},"f":{"0":0,"1":0,"2":0,"3":0},"b":{"0":[0,0],"1":[0,0],"2":[0,0],"3":[0,0],"4":[0,0],"5":[0,0]},"_coverageSchema":"1a1c01bbd47fc00a2c39e90264f33305004495a9","hash":"f78b987a3aaadc58db9607353f13e69ea0c01c6e"}
,"/Users/armasconi/401/data-structures-and-algorithms/code-challenges/stack-queue-brackets/validateBrackets.js": {"path":"/Users/armasconi/401/data-structures-and-algorithms/code-challenges/stack-queue-brackets/validateBrackets.js","statementMap":{"0":{"start":{"line":4,"column":16},"end":{"line":4,"column":18}},"1":{"start":{"line":6,"column":4},"end":{"line":14,"column":5}},"2":{"start":{"line":6,"column":17},"end":{"line":6,"column":18}},"3":{"start":{"line":7,"column":16},"end":{"line":7,"column":22}},"4":{"start":{"line":8,"column":8},"end":{"line":13,"column":9}},"5":{"start":{"line":8,"column":23},"end":{"line":8,"column":39}},"6":{"start":{"line":9,"column":13},"end":{"line":13,"column":9}},"7":{"start":{"line":9,"column":28},"end":{"line":9,"column":44}},"8":{"start":{"line":10,"column":13},"end":{"line":13,"column":9}},"9":{"start":{"line":10,"column":28},"end":{"line":10,"column":44}},"10":{"start":{"line":11,"column":13},"end":{"line":13,"column":9}},"11":{"start":{"line":12,"column":12},"end":{"line":12,"column":25}},"12":{"start":{"line":15,"column":4},"end":{"line":15,"column":30}},"13":{"start":{"line":18,"column":0},"end":{"line":20,"column":1}},"14":{"start":{"line":21,"column":0},"end":{"line":21,"column":33}}},"fnMap":{"0":{"name":"validateBrackets","decl":{"start":{"line":3,"column":9},"end":{"line":3,"column":25}},"loc":{"start":{"line":3,"column":31},"end":{"line":16,"column":1}},"line":3}},"branchMap":{"0":{"loc":{"start":{"line":8,"column":8},"end":{"line":13,"column":9}},"type":"if","locations":[{"start":{"line":8,"column":8},"end":{"line":13,"column":9}},{"start":{"line":9,"column":13},"end":{"line":13,"column":9}}],"line":8},"1":{"loc":{"start":{"line":9,"column":13},"end":{"line":13,"column":9}},"type":"if","locations":[{"start":{"line":9,"column":13},"end":{"line":13,"column":9}},{"start":{"line":10,"column":13},"end":{"line":13,"column":9}}],"line":9},"2":{"loc":{"start":{"line":10,"column":13},"end":{"line":13,"column":9}},"type":"if","locations":[{"start":{"line":10,"column":13},"end":{"line":13,"column":9}},{"start":{"line":11,"column":13},"end":{"line":13,"column":9}}],"line":10},"3":{"loc":{"start":{"line":11,"column":13},"end":{"line":13,"column":9}},"type":"if","locations":[{"start":{"line":11,"column":13},"end":{"line":13,"column":9}},{"start":{},"end":{}}],"line":11},"4":{"loc":{"start":{"line":11,"column":17},"end":{"line":11,"column":56}},"type":"binary-expr","locations":[{"start":{"line":11,"column":17},"end":{"line":11,"column":35}},{"start":{"line":11,"column":39},"end":{"line":11,"column":56}}],"line":11}},"s":{"0":16,"1":16,"2":16,"3":30,"4":30,"5":10,"6":20,"7":4,"8":16,"9":5,"10":11,"11":11,"12":5,"13":1,"14":1},"f":{"0":16},"b":{"0":[10,20],"1":[4,16],"2":[5,11],"3":[11,0],"4":[11,6]},"_coverageSchema":"1a1c01bbd47fc00a2c39e90264f33305004495a9","hash":"0182418dd435accab9fa706b9e7ada448a33f2e3"}
,"/Users/armasconi/401/data-structures-and-algorithms/hash-table/Hashtable.js": {"path":"/Users/armasconi/401/data-structures-and-algorithms/hash-table/Hashtable.js","statementMap":{"0":{"start":{"line":3,"column":8},"end":{"line":3,"column":25}},"1":{"start":{"line":4,"column":8},"end":{"line":4,"column":64}},"2":{"start":{"line":4,"column":60},"end":{"line":4,"column":62}},"3":{"start":{"line":8,"column":8},"end":{"line":8,"column":92}},"4":{"start":{"line":8,"column":51},"end":{"line":8,"column":75}},"5":{"start":{"line":12,"column":22},"end":{"line":12,"column":36}},"6":{"start":{"line":13,"column":23},"end":{"line":13,"column":42}},"7":{"start":{"line":15,"column":8},"end":{"line":20,"column":9}},"8":{"start":{"line":15,"column":21},"end":{"line":15,"column":22}},"9":{"start":{"line":16,"column":12},"end":{"line":19,"column":13}},"10":{"start":{"line":17,"column":16},"end":{"line":17,"column":37}},"11":{"start":{"line":18,"column":16},"end":{"line":18,"column":23}},"12":{"start":{"line":22,"column":8},"end":{"line":22,"column":34}},"13":{"start":{"line":26,"column":22},"end":{"line":26,"column":36}},"14":{"start":{"line":27,"column":23},"end":{"line":27,"column":42}},"15":{"start":{"line":29,"column":8},"end":{"line":33,"column":9}},"16":{"start":{"line":30,"column":12},"end":{"line":32,"column":13}},"17":{"start":{"line":31,"column":16},"end":{"line":31,"column":25}},"18":{"start":{"line":35,"column":8},"end":{"line":35,"column":68}},"19":{"start":{"line":39,"column":22},"end":{"line":39,"column":36}},"20":{"start":{"line":40,"column":23},"end":{"line":40,"column":42}},"21":{"start":{"line":42,"column":8},"end":{"line":46,"column":9}},"22":{"start":{"line":43,"column":12},"end":{"line":45,"column":13}},"23":{"start":{"line":44,"column":16},"end":{"line":44,"column":28}},"24":{"start":{"line":48,"column":8},"end":{"line":48,"column":21}},"25":{"start":{"line":52,"column":26},"end":{"line":52,"column":28}},"26":{"start":{"line":53,"column":8},"end":{"line":57,"column":9}},"27":{"start":{"line":54,"column":12},"end":{"line":56,"column":13}},"28":{"start":{"line":55,"column":16},"end":{"line":55,"column":34}},"29":{"start":{"line":58,"column":8},"end":{"line":58,"column":25}},"30":{"start":{"line":62,"column":0},"end":{"line":62,"column":27}}},"fnMap":{"0":{"name":"(anonymous_0)","decl":{"start":{"line":2,"column":4},"end":{"line":2,"column":5}},"loc":{"start":{"line":2,"column":29},"end":{"line":5,"column":5}},"line":2},"1":{"name":"(anonymous_1)","decl":{"start":{"line":4,"column":54},"end":{"line":4,"column":55}},"loc":{"start":{"line":4,"column":60},"end":{"line":4,"column":62}},"line":4},"2":{"name":"(anonymous_2)","decl":{"start":{"line":7,"column":4},"end":{"line":7,"column":5}},"loc":{"start":{"line":7,"column":14},"end":{"line":9,"column":5}},"line":7},"3":{"name":"(anonymous_3)","decl":{"start":{"line":8,"column":36},"end":{"line":8,"column":37}},"loc":{"start":{"line":8,"column":51},"end":{"line":8,"column":75}},"line":8},"4":{"name":"(anonymous_4)","decl":{"start":{"line":11,"column":4},"end":{"line":11,"column":5}},"loc":{"start":{"line":11,"column":20},"end":{"line":23,"column":5}},"line":11},"5":{"name":"(anonymous_5)","decl":{"start":{"line":25,"column":4},"end":{"line":25,"column":5}},"loc":{"start":{"line":25,"column":13},"end":{"line":36,"column":5}},"line":25},"6":{"name":"(anonymous_6)","decl":{"start":{"line":38,"column":4},"end":{"line":38,"column":5}},"loc":{"start":{"line":38,"column":13},"end":{"line":49,"column":5}},"line":38},"7":{"name":"(anonymous_7)","decl":{"start":{"line":51,"column":4},"end":{"line":51,"column":5}},"loc":{"start":{"line":51,"column":11},"end":{"line":59,"column":5}},"line":51}},"branchMap":{"0":{"loc":{"start":{"line":2,"column":16},"end":{"line":2,"column":27}},"type":"default-arg","locations":[{"start":{"line":2,"column":23},"end":{"line":2,"column":27}}],"line":2},"1":{"loc":{"start":{"line":16,"column":12},"end":{"line":19,"column":13}},"type":"if","locations":[{"start":{"line":16,"column":12},"end":{"line":19,"column":13}},{"start":{},"end":{}}],"line":16},"2":{"loc":{"start":{"line":30,"column":12},"end":{"line":32,"column":13}},"type":"if","locations":[{"start":{"line":30,"column":12},"end":{"line":32,"column":13}},{"start":{},"end":{}}],"line":30},"3":{"loc":{"start":{"line":43,"column":12},"end":{"line":45,"column":13}},"type":"if","locations":[{"start":{"line":43,"column":12},"end":{"line":45,"column":13}},{"start":{},"end":{}}],"line":43}},"s":{"0":17,"1":17,"2":17408,"3":90,"4":247,"5":47,"6":47,"7":47,"8":47,"9":10,"10":8,"11":8,"12":39,"13":3,"14":3,"15":3,"16":2,"17":2,"18":1,"19":40,"20":40,"21":40,"22":14,"23":12,"24":28,"25":2,"26":2,"27":2048,"28":2,"29":2,"30":3},"f":{"0":17,"1":17408,"2":90,"3":247,"4":47,"5":3,"6":40,"7":2},"b":{"0":[17],"1":[8,2],"2":[2,0],"3":[12,2]},"_coverageSchema":"1a1c01bbd47fc00a2c39e90264f33305004495a9","hash":"e24eb7d3d629395407aff9ece0a64cbb6be730be"}
,"/Users/armasconi/401/data-structures-and-algorithms/linked-list/LinkedList.js": {"path":"/Users/armasconi/401/data-structures-and-algorithms/linked-list/LinkedList.js","statementMap":{"0":{"start":{"line":1,"column":13},"end":{"line":1,"column":33}},"1":{"start":{"line":5,"column":8},"end":{"line":5,"column":25}},"2":{"start":{"line":9,"column":18},"end":{"line":9,"column":27}},"3":{"start":{"line":10,"column":22},"end":{"line":10,"column":23}},"4":{"start":{"line":11,"column":8},"end":{"line":15,"column":9}},"5":{"start":{"line":12,"column":12},"end":{"line":12,"column":39}},"6":{"start":{"line":13,"column":12},"end":{"line":13,"column":27}},"7":{"start":{"line":14,"column":12},"end":{"line":14,"column":25}},"8":{"start":{"line":16,"column":8},"end":{"line":16,"column":22}},"9":{"start":{"line":21,"column":8},"end":{"line":28,"column":9}},"10":{"start":{"line":23,"column":12},"end":{"line":23,"column":29}},"11":{"start":{"line":26,"column":12},"end":{"line":26,"column":34}},"12":{"start":{"line":27,"column":12},"end":{"line":27,"column":29}},"13":{"start":{"line":32,"column":18},"end":{"line":32,"column":27}},"14":{"start":{"line":33,"column":8},"end":{"line":37,"column":9}},"15":{"start":{"line":34,"column":12},"end":{"line":35,"column":28}},"16":{"start":{"line":35,"column":16},"end":{"line":35,"column":28}},"17":{"start":{"line":36,"column":12},"end":{"line":36,"column":27}},"18":{"start":{"line":38,"column":8},"end":{"line":38,"column":21}},"19":{"start":{"line":42,"column":16},"end":{"line":42,"column":18}},"20":{"start":{"line":43,"column":18},"end":{"line":43,"column":27}},"21":{"start":{"line":44,"column":8},"end":{"line":47,"column":9}},"22":{"start":{"line":45,"column":12},"end":{"line":45,"column":40}},"23":{"start":{"line":46,"column":12},"end":{"line":46,"column":27}},"24":{"start":{"line":48,"column":8},"end":{"line":48,"column":22}},"25":{"start":{"line":49,"column":8},"end":{"line":49,"column":23}},"26":{"start":{"line":55,"column":24},"end":{"line":55,"column":37}},"27":{"start":{"line":58,"column":8},"end":{"line":61,"column":9}},"28":{"start":{"line":59,"column":12},"end":{"line":59,"column":32}},"29":{"start":{"line":60,"column":12},"end":{"line":60,"column":19}},"30":{"start":{"line":63,"column":18},"end":{"line":63,"column":27}},"31":{"start":{"line":64,"column":8},"end":{"line":65,"column":27}},"32":{"start":{"line":65,"column":12},"end":{"line":65,"column":27}},"33":{"start":{"line":67,"column":8},"end":{"line":67,"column":27}},"34":{"start":{"line":71,"column":22},"end":{"line":71,"column":35}},"35":{"start":{"line":72,"column":18},"end":{"line":72,"column":27}},"36":{"start":{"line":74,"column":8},"end":{"line":78,"column":9}},"37":{"start":{"line":75,"column":12},"end":{"line":75,"column":37}},"38":{"start":{"line":76,"column":12},"end":{"line":76,"column":32}},"39":{"start":{"line":77,"column":12},"end":{"line":77,"column":19}},"40":{"start":{"line":79,"column":19},"end":{"line":79,"column":23}},"41":{"start":{"line":80,"column":8},"end":{"line":90,"column":9}},"42":{"start":{"line":81,"column":12},"end":{"line":87,"column":13}},"43":{"start":{"line":83,"column":16},"end":{"line":83,"column":35}},"44":{"start":{"line":84,"column":16},"end":{"line":85,"column":40}},"45":{"start":{"line":85,"column":20},"end":{"line":85,"column":40}},"46":{"start":{"line":86,"column":16},"end":{"line":86,"column":23}},"47":{"start":{"line":88,"column":12},"end":{"line":88,"column":23}},"48":{"start":{"line":89,"column":12},"end":{"line":89,"column":26}},"49":{"start":{"line":92,"column":8},"end":{"line":92,"column":51}},"50":{"start":{"line":96,"column":22},"end":{"line":96,"column":35}},"51":{"start":{"line":97,"column":18},"end":{"line":97,"column":27}},"52":{"start":{"line":98,"column":8},"end":{"line":104,"column":9}},"53":{"start":{"line":99,"column":12},"end":{"line":102,"column":13}},"54":{"start":{"line":100,"column":16},"end":{"line":100,"column":40}},"55":{"start":{"line":101,"column":16},"end":{"line":101,"column":35}},"56":{"start":{"line":103,"column":12},"end":{"line":103,"column":27}},"57":{"start":{"line":105,"column":8},"end":{"line":105,"column":60}},"58":{"start":{"line":110,"column":18},"end":{"line":110,"column":27}},"59":{"start":{"line":111,"column":19},"end":{"line":111,"column":22}},"60":{"start":{"line":112,"column":16},"end":{"line":112,"column":17}},"61":{"start":{"line":113,"column":8},"end":{"line":115,"column":9}},"62":{"start":{"line":114,"column":12},"end":{"line":114,"column":27}},"63":{"start":{"line":116,"column":8},"end":{"line":119,"column":9}},"64":{"start":{"line":117,"column":12},"end":{"line":117,"column":27}},"65":{"start":{"line":118,"column":12},"end":{"line":118,"column":29}},"66":{"start":{"line":120,"column":8},"end":{"line":120,"column":24}},"67":{"start":{"line":126,"column":0},"end":{"line":126,"column":28}}},"fnMap":{"0":{"name":"(anonymous_0)","decl":{"start":{"line":4,"column":4},"end":{"line":4,"column":5}},"loc":{"start":{"line":4,"column":18},"end":{"line":6,"column":5}},"line":4},"1":{"name":"(anonymous_1)","decl":{"start":{"line":8,"column":4},"end":{"line":8,"column":5}},"loc":{"start":{"line":8,"column":14},"end":{"line":17,"column":5}},"line":8},"2":{"name":"(anonymous_2)","decl":{"start":{"line":20,"column":4},"end":{"line":20,"column":5}},"loc":{"start":{"line":20,"column":17},"end":{"line":29,"column":5}},"line":20},"3":{"name":"(anonymous_3)","decl":{"start":{"line":31,"column":4},"end":{"line":31,"column":5}},"loc":{"start":{"line":31,"column":17},"end":{"line":39,"column":5}},"line":31},"4":{"name":"(anonymous_4)","decl":{"start":{"line":41,"column":4},"end":{"line":41,"column":5}},"loc":{"start":{"line":41,"column":15},"end":{"line":50,"column":5}},"line":41},"5":{"name":"(anonymous_5)","decl":{"start":{"line":54,"column":4},"end":{"line":54,"column":5}},"loc":{"start":{"line":54,"column":16},"end":{"line":68,"column":5}},"line":54},"6":{"name":"(anonymous_6)","decl":{"start":{"line":70,"column":4},"end":{"line":70,"column":5}},"loc":{"start":{"line":70,"column":30},"end":{"line":93,"column":5}},"line":70},"7":{"name":"(anonymous_7)","decl":{"start":{"line":95,"column":4},"end":{"line":95,"column":5}},"loc":{"start":{"line":95,"column":29},"end":{"line":106,"column":5}},"line":95},"8":{"name":"(anonymous_8)","decl":{"start":{"line":109,"column":4},"end":{"line":109,"column":5}},"loc":{"start":{"line":109,"column":18},"end":{"line":121,"column":5}},"line":109}},"branchMap":{"0":{"loc":{"start":{"line":21,"column":8},"end":{"line":28,"column":9}},"type":"if","locations":[{"start":{"line":21,"column":8},"end":{"line":28,"column":9}},{"start":{"line":24,"column":15},"end":{"line":28,"column":9}}],"line":21},"1":{"loc":{"start":{"line":34,"column":12},"end":{"line":35,"column":28}},"type":"if","locations":[{"start":{"line":34,"column":12},"end":{"line":35,"column":28}},{"start":{},"end":{}}],"line":34},"2":{"loc":{"start":{"line":58,"column":8},"end":{"line":61,"column":9}},"type":"if","locations":[{"start":{"line":58,"column":8},"end":{"line":61,"column":9}},{"start":{},"end":{}}],"line":58},"3":{"loc":{"start":{"line":74,"column":8},"end":{"line":78,"column":9}},"type":"if","locations":[{"start":{"line":74,"column":8},"end":{"line":78,"column":9}},{"start":{},"end":{}}],"line":74},"4":{"loc":{"start":{"line":81,"column":12},"end":{"line":87,"column":13}},"type":"if","locations":[{"start":{"line":81,"column":12},"end":{"line":87,"column":13}},{"start":{},"end":{}}],"line":81},"5":{"loc":{"start":{"line":84,"column":16},"end":{"line":85,"column":40}},"type":"if","locations":[{"start":{"line":84,"column":16},"end":{"line":85,"column":40}},{"start":{},"end":{}}],"line":84},"6":{"loc":{"start":{"line":99,"column":12},"end":{"line":102,"column":13}},"type":"if","locations":[{"start":{"line":99,"column":12},"end":{"line":102,"column":13}},{"start":{},"end":{}}],"line":99}},"s":{"0":4,"1":22,"2":0,"3":0,"4":0,"5":0,"6":0,"7":0,"8":0,"9":0,"10":0,"11":0,"12":0,"13":0,"14":0,"15":0,"16":0,"17":0,"18":0,"19":0,"20":0,"21":0,"22":0,"23":0,"24":0,"25":0,"26":40,"27":40,"28":15,"29":15,"30":25,"31":25,"32":23,"33":25,"34":2,"35":2,"36":2,"37":0,"38":0,"39":0,"40":2,"41":2,"42":4,"43":2,"44":2,"45":2,"46":2,"47":2,"48":2,"49":0,"50":0,"51":0,"52":0,"53":0,"54":0,"55":0,"56":0,"57":0,"58":0,"59":0,"60":0,"61":0,"62":0,"63":0,"64":0,"65":0,"66":0,"67":4},"f":{"0":22,"1":0,"2":0,"3":0,"4":0,"5":40,"6":2,"7":0,"8":0},"b":{"0":[0,0],"1":[0,0],"2":[15,25],"3":[0,2],"4":[2,2],"5":[2,0],"6":[0,0]},"_coverageSchema":"1a1c01bbd47fc00a2c39e90264f33305004495a9","hash":"f2fef2ec07d3b8a26a4249fd9082edae34b2e715"}
,"/Users/armasconi/401/data-structures-and-algorithms/linked-list/SLLNode.js": {"path":"/Users/armasconi/401/data-structures-and-algorithms/linked-list/SLLNode.js","statementMap":{"0":{"start":{"line":3,"column":4},"end":{"line":3,"column":19}},"1":{"start":{"line":4,"column":4},"end":{"line":4,"column":21}},"2":{"start":{"line":7,"column":0},"end":{"line":7,"column":22}}},"fnMap":{"0":{"name":"(anonymous_0)","decl":{"start":{"line":2,"column":2},"end":{"line":2,"column":3}},"loc":{"start":{"line":2,"column":19},"end":{"line":5,"column":3}},"line":2}},"branchMap":{},"s":{"0":46,"1":46,"2":4},"f":{"0":46},"b":{},"_coverageSchema":"1a1c01bbd47fc00a2c39e90264f33305004495a9","hash":"897ce8338e9269519b5657266888f96845d859cf"}
,"/Users/armasconi/401/data-structures-and-algorithms/sort/comparison/comparisonSort.js": {"path":"/Users/armasconi/401/data-structures-and-algorithms/sort/comparison/comparisonSort.js","statementMap":{"0":{"start":{"line":3,"column":8},"end":{"line":3,"column":27}},"1":{"start":{"line":4,"column":8},"end":{"line":4,"column":25}},"2":{"start":{"line":5,"column":8},"end":{"line":5,"column":29}},"3":{"start":{"line":11,"column":4},"end":{"line":11,"column":50}},"4":{"start":{"line":11,"column":33},"end":{"line":11,"column":48}},"5":{"start":{"line":16,"column":27},"end":{"line":16,"column":44}},"6":{"start":{"line":17,"column":4},"end":{"line":21,"column":7}},"7":{"start":{"line":18,"column":23},"end":{"line":18,"column":58}},"8":{"start":{"line":19,"column":23},"end":{"line":19,"column":58}},"9":{"start":{"line":20,"column":8},"end":{"line":20,"column":44}},"10":{"start":{"line":24,"column":0},"end":{"line":24,"column":62}}},"fnMap":{"0":{"name":"(anonymous_0)","decl":{"start":{"line":2,"column":4},"end":{"line":2,"column":5}},"loc":{"start":{"line":2,"column":37},"end":{"line":6,"column":5}},"line":2},"1":{"name":"sortByYearDescending","decl":{"start":{"line":10,"column":9},"end":{"line":10,"column":29}},"loc":{"start":{"line":10,"column":38},"end":{"line":12,"column":1}},"line":10},"2":{"name":"(anonymous_2)","decl":{"start":{"line":11,"column":23},"end":{"line":11,"column":24}},"loc":{"start":{"line":11,"column":33},"end":{"line":11,"column":48}},"line":11},"3":{"name":"sortByTitle","decl":{"start":{"line":15,"column":9},"end":{"line":15,"column":20}},"loc":{"start":{"line":15,"column":29},"end":{"line":22,"column":1}},"line":15},"4":{"name":"(anonymous_4)","decl":{"start":{"line":17,"column":23},"end":{"line":17,"column":24}},"loc":{"start":{"line":17,"column":33},"end":{"line":21,"column":5}},"line":17}},"branchMap":{},"s":{"0":8,"1":8,"2":8,"3":1,"4":6,"5":1,"6":1,"7":5,"8":5,"9":5,"10":1},"f":{"0":8,"1":1,"2":6,"3":1,"4":5},"b":{},"_coverageSchema":"1a1c01bbd47fc00a2c39e90264f33305004495a9","hash":"1230ce532187e4138a6dc66e12557dd658ee59d6"}
,"/Users/armasconi/401/data-structures-and-algorithms/sort/insertion/InsertionSort.js": {"path":"/Users/armasconi/401/data-structures-and-algorithms/sort/insertion/InsertionSort.js","statementMap":{"0":{"start":{"line":2,"column":4},"end":{"line":12,"column":5}},"1":{"start":{"line":2,"column":17},"end":{"line":2,"column":18}},"2":{"start":{"line":3,"column":16},"end":{"line":3,"column":21}},"3":{"start":{"line":4,"column":19},"end":{"line":4,"column":25}},"4":{"start":{"line":6,"column":8},"end":{"line":9,"column":9}},"5":{"start":{"line":7,"column":12},"end":{"line":7,"column":32}},"6":{"start":{"line":8,"column":12},"end":{"line":8,"column":16}},"7":{"start":{"line":11,"column":8},"end":{"line":11,"column":26}},"8":{"start":{"line":13,"column":4},"end":{"line":13,"column":15}},"9":{"start":{"line":16,"column":0},"end":{"line":16,"column":31}}},"fnMap":{"0":{"name":"insertionSort","decl":{"start":{"line":1,"column":9},"end":{"line":1,"column":22}},"loc":{"start":{"line":1,"column":28},"end":{"line":14,"column":1}},"line":1}},"branchMap":{"0":{"loc":{"start":{"line":6,"column":15},"end":{"line":6,"column":38}},"type":"binary-expr","locations":[{"start":{"line":6,"column":15},"end":{"line":6,"column":21}},{"start":{"line":6,"column":25},"end":{"line":6,"column":38}}],"line":6}},"s":{"0":5,"1":5,"2":17,"3":17,"4":17,"5":31,"6":31,"7":17,"8":5,"9":1},"f":{"0":5},"b":{"0":[48,43]},"_coverageSchema":"1a1c01bbd47fc00a2c39e90264f33305004495a9","hash":"e2d49844e1d1f95fd30ab544dbec01c67bec1141"}
,"/Users/armasconi/401/data-structures-and-algorithms/sort/merge/mergeSort.js": {"path":"/Users/armasconi/401/data-structures-and-algorithms/sort/merge/mergeSort.js","statementMap":{"0":{"start":{"line":2,"column":4},"end":{"line":4,"column":5}},"1":{"start":{"line":3,"column":8},"end":{"line":3,"column":19}},"2":{"start":{"line":6,"column":16},"end":{"line":6,"column":42}},"3":{"start":{"line":7,"column":17},"end":{"line":7,"column":34}},"4":{"start":{"line":8,"column":18},"end":{"line":8,"column":32}},"5":{"start":{"line":11,"column":4},"end":{"line":11,"column":52}},"6":{"start":{"line":15,"column":19},"end":{"line":15,"column":21}},"7":{"start":{"line":16,"column":12},"end":{"line":16,"column":13}},"8":{"start":{"line":17,"column":12},"end":{"line":17,"column":13}},"9":{"start":{"line":18,"column":12},"end":{"line":18,"column":13}},"10":{"start":{"line":20,"column":4},"end":{"line":29,"column":5}},"11":{"start":{"line":21,"column":8},"end":{"line":27,"column":9}},"12":{"start":{"line":22,"column":12},"end":{"line":22,"column":32}},"13":{"start":{"line":23,"column":12},"end":{"line":23,"column":16}},"14":{"start":{"line":25,"column":12},"end":{"line":25,"column":33}},"15":{"start":{"line":26,"column":12},"end":{"line":26,"column":16}},"16":{"start":{"line":28,"column":8},"end":{"line":28,"column":12}},"17":{"start":{"line":32,"column":4},"end":{"line":36,"column":5}},"18":{"start":{"line":33,"column":8},"end":{"line":33,"column":28}},"19":{"start":{"line":34,"column":8},"end":{"line":34,"column":12}},"20":{"start":{"line":35,"column":8},"end":{"line":35,"column":12}},"21":{"start":{"line":37,"column":4},"end":{"line":41,"column":5}},"22":{"start":{"line":38,"column":8},"end":{"line":38,"column":29}},"23":{"start":{"line":39,"column":8},"end":{"line":39,"column":12}},"24":{"start":{"line":40,"column":8},"end":{"line":40,"column":12}},"25":{"start":{"line":43,"column":4},"end":{"line":43,"column":18}},"26":{"start":{"line":46,"column":0},"end":{"line":46,"column":27}}},"fnMap":{"0":{"name":"mergeSort","decl":{"start":{"line":1,"column":9},"end":{"line":1,"column":18}},"loc":{"start":{"line":1,"column":24},"end":{"line":12,"column":1}},"line":1},"1":{"name":"merge","decl":{"start":{"line":14,"column":9},"end":{"line":14,"column":14}},"loc":{"start":{"line":14,"column":28},"end":{"line":44,"column":1}},"line":14}},"branchMap":{"0":{"loc":{"start":{"line":2,"column":4},"end":{"line":4,"column":5}},"type":"if","locations":[{"start":{"line":2,"column":4},"end":{"line":4,"column":5}},{"start":{},"end":{}}],"line":2},"1":{"loc":{"start":{"line":20,"column":11},"end":{"line":20,"column":46}},"type":"binary-expr","locations":[{"start":{"line":20,"column":11},"end":{"line":20,"column":26}},{"start":{"line":20,"column":30},"end":{"line":20,"column":46}}],"line":20},"2":{"loc":{"start":{"line":21,"column":8},"end":{"line":27,"column":9}},"type":"if","locations":[{"start":{"line":21,"column":8},"end":{"line":27,"column":9}},{"start":{"line":24,"column":15},"end":{"line":27,"column":9}}],"line":21}},"s":{"0":23,"1":14,"2":9,"3":9,"4":9,"5":9,"6":9,"7":9,"8":9,"9":9,"10":9,"11":14,"12":10,"13":10,"14":4,"15":4,"16":14,"17":9,"18":2,"19":2,"20":2,"21":9,"22":8,"23":8,"24":8,"25":9,"26":1},"f":{"0":23,"1":9},"b":{"0":[14,9],"1":[23,16],"2":[10,4]},"_coverageSchema":"1a1c01bbd47fc00a2c39e90264f33305004495a9","hash":"18c9c7ae7c8fd43265da6443e6a9d9afc8830e27"}
,"/Users/armasconi/401/data-structures-and-algorithms/stack-and-queue/stack-and-queue.js": {"path":"/Users/armasconi/401/data-structures-and-algorithms/stack-and-queue/stack-and-queue.js","statementMap":{"0":{"start":{"line":1,"column":19},"end":{"line":1,"column":55}},"1":{"start":{"line":2,"column":13},"end":{"line":2,"column":46}},"2":{"start":{"line":6,"column":8},"end":{"line":6,"column":37}},"3":{"start":{"line":10,"column":25},"end":{"line":10,"column":40}},"4":{"start":{"line":11,"column":8},"end":{"line":11,"column":39}},"5":{"start":{"line":13,"column":8},"end":{"line":13,"column":34}},"6":{"start":{"line":17,"column":8},"end":{"line":19,"column":9}},"7":{"start":{"line":18,"column":12},"end":{"line":18,"column":46}},"8":{"start":{"line":20,"column":22},"end":{"line":20,"column":40}},"9":{"start":{"line":21,"column":8},"end":{"line":21,"column":45}},"10":{"start":{"line":22,"column":8},"end":{"line":22,"column":21}},"11":{"start":{"line":26,"column":8},"end":{"line":28,"column":9}},"12":{"start":{"line":27,"column":12},"end":{"line":27,"column":46}},"13":{"start":{"line":29,"column":8},"end":{"line":29,"column":34}},"14":{"start":{"line":33,"column":8},"end":{"line":33,"column":39}},"15":{"start":{"line":39,"column":8},"end":{"line":39,"column":37}},"16":{"start":{"line":43,"column":8},"end":{"line":43,"column":32}},"17":{"start":{"line":47,"column":8},"end":{"line":49,"column":9}},"18":{"start":{"line":48,"column":12},"end":{"line":48,"column":46}},"19":{"start":{"line":50,"column":22},"end":{"line":50,"column":40}},"20":{"start":{"line":51,"column":8},"end":{"line":51,"column":45}},"21":{"start":{"line":52,"column":8},"end":{"line":52,"column":21}},"22":{"start":{"line":56,"column":8},"end":{"line":58,"column":9}},"23":{"start":{"line":57,"column":12},"end":{"line":57,"column":46}},"24":{"start":{"line":59,"column":8},"end":{"line":59,"column":34}},"25":{"start":{"line":63,"column":8},"end":{"line":63,"column":39}},"26":{"start":{"line":69,"column":0},"end":{"line":69,"column":32}}},"fnMap":{"0":{"name":"(anonymous_0)","decl":{"start":{"line":5,"column":4},"end":{"line":5,"column":5}},"loc":{"start":{"line":5,"column":18},"end":{"line":7,"column":5}},"line":5},"1":{"name":"(anonymous_1)","decl":{"start":{"line":9,"column":4},"end":{"line":9,"column":5}},"loc":{"start":{"line":9,"column":16},"end":{"line":14,"column":5}},"line":9},"2":{"name":"(anonymous_2)","decl":{"start":{"line":16,"column":4},"end":{"line":16,"column":5}},"loc":{"start":{"line":16,"column":10},"end":{"line":23,"column":5}},"line":16},"3":{"name":"(anonymous_3)","decl":{"start":{"line":25,"column":4},"end":{"line":25,"column":5}},"loc":{"start":{"line":25,"column":11},"end":{"line":30,"column":5}},"line":25},"4":{"name":"(anonymous_4)","decl":{"start":{"line":32,"column":4},"end":{"line":32,"column":5}},"loc":{"start":{"line":32,"column":14},"end":{"line":34,"column":5}},"line":32},"5":{"name":"(anonymous_5)","decl":{"start":{"line":38,"column":4},"end":{"line":38,"column":5}},"loc":{"start":{"line":38,"column":18},"end":{"line":40,"column":5}},"line":38},"6":{"name":"(anonymous_6)","decl":{"start":{"line":42,"column":4},"end":{"line":42,"column":5}},"loc":{"start":{"line":42,"column":19},"end":{"line":44,"column":5}},"line":42},"7":{"name":"(anonymous_7)","decl":{"start":{"line":46,"column":4},"end":{"line":46,"column":5}},"loc":{"start":{"line":46,"column":14},"end":{"line":53,"column":5}},"line":46},"8":{"name":"(anonymous_8)","decl":{"start":{"line":55,"column":4},"end":{"line":55,"column":5}},"loc":{"start":{"line":55,"column":11},"end":{"line":60,"column":5}},"line":55},"9":{"name":"(anonymous_9)","decl":{"start":{"line":62,"column":4},"end":{"line":62,"column":5}},"loc":{"start":{"line":62,"column":14},"end":{"line":64,"column":5}},"line":62}},"branchMap":{"0":{"loc":{"start":{"line":17,"column":8},"end":{"line":19,"column":9}},"type":"if","locations":[{"start":{"line":17,"column":8},"end":{"line":19,"column":9}},{"start":{},"end":{}}],"line":17},"1":{"loc":{"start":{"line":26,"column":8},"end":{"line":28,"column":9}},"type":"if","locations":[{"start":{"line":26,"column":8},"end":{"line":28,"column":9}},{"start":{},"end":{}}],"line":26},"2":{"loc":{"start":{"line":47,"column":8},"end":{"line":49,"column":9}},"type":"if","locations":[{"start":{"line":47,"column":8},"end":{"line":49,"column":9}},{"start":{},"end":{}}],"line":47},"3":{"loc":{"start":{"line":56,"column":8},"end":{"line":58,"column":9}},"type":"if","locations":[{"start":{"line":56,"column":8},"end":{"line":58,"column":9}},{"start":{},"end":{}}],"line":56}},"s":{"0":3,"1":3,"2":6,"3":4,"4":4,"5":4,"6":2,"7":1,"8":1,"9":1,"10":1,"11":3,"12":1,"13":2,"14":2,"15":9,"16":19,"17":17,"18":1,"19":16,"20":16,"21":16,"22":3,"23":1,"24":2,"25":19,"26":3},"f":{"0":6,"1":4,"2":2,"3":3,"4":2,"5":9,"6":19,"7":17,"8":3,"9":19},"b":{"0":[1,1],"1":[1,2],"2":[1,16],"3":[1,2]},"_coverageSchema":"1a1c01bbd47fc00a2c39e90264f33305004495a9","hash":"932dc7e19e6c730ba917fab9f32a57ac1b649692"}
,"/Users/armasconi/401/data-structures-and-algorithms/stack-and-queue/pseudoQueue/pseudoQueue.js": {"path":"/Users/armasconi/401/data-structures-and-algorithms/stack-and-queue/pseudoQueue/pseudoQueue.js","statementMap":{"0":{"start":{"line":3,"column":8},"end":{"line":3,"column":25}},"1":{"start":{"line":4,"column":8},"end":{"line":4,"column":25}},"2":{"start":{"line":9,"column":8},"end":{"line":11,"column":9}},"3":{"start":{"line":10,"column":12},"end":{"line":10,"column":48}},"4":{"start":{"line":13,"column":8},"end":{"line":13,"column":32}},"5":{"start":{"line":18,"column":8},"end":{"line":20,"column":9}},"6":{"start":{"line":19,"column":12},"end":{"line":19,"column":48}},"7":{"start":{"line":22,"column":8},"end":{"line":22,"column":33}},"8":{"start":{"line":26,"column":8},"end":{"line":26,"column":68}},"9":{"start":{"line":30,"column":8},"end":{"line":30,"column":55}},"10":{"start":{"line":35,"column":8},"end":{"line":35,"column":38}},"11":{"start":{"line":36,"column":8},"end":{"line":36,"column":63}},"12":{"start":{"line":41,"column":14},"end":{"line":41,"column":31}},"13":{"start":{"line":42,"column":0},"end":{"line":42,"column":17}},"14":{"start":{"line":43,"column":0},"end":{"line":43,"column":17}},"15":{"start":{"line":44,"column":0},"end":{"line":44,"column":17}},"16":{"start":{"line":45,"column":0},"end":{"line":45,"column":19}},"17":{"start":{"line":46,"column":0},"end":{"line":46,"column":29}},"18":{"start":{"line":47,"column":0},"end":{"line":47,"column":29}},"19":{"start":{"line":48,"column":0},"end":{"line":48,"column":19}},"20":{"start":{"line":49,"column":0},"end":{"line":49,"column":26}},"21":{"start":{"line":52,"column":0},"end":{"line":52,"column":29}}},"fnMap":{"0":{"name":"(anonymous_0)","decl":{"start":{"line":2,"column":4},"end":{"line":2,"column":5}},"loc":{"start":{"line":2,"column":18},"end":{"line":5,"column":5}},"line":2},"1":{"name":"(anonymous_1)","decl":{"start":{"line":7,"column":4},"end":{"line":7,"column":5}},"loc":{"start":{"line":7,"column":19},"end":{"line":14,"column":5}},"line":7},"2":{"name":"(anonymous_2)","decl":{"start":{"line":16,"column":4},"end":{"line":16,"column":5}},"loc":{"start":{"line":16,"column":14},"end":{"line":23,"column":5}},"line":16},"3":{"name":"(anonymous_3)","decl":{"start":{"line":25,"column":4},"end":{"line":25,"column":5}},"loc":{"start":{"line":25,"column":14},"end":{"line":27,"column":5}},"line":25},"4":{"name":"(anonymous_4)","decl":{"start":{"line":29,"column":4},"end":{"line":29,"column":5}},"loc":{"start":{"line":29,"column":11},"end":{"line":31,"column":5}},"line":29},"5":{"name":"(anonymous_5)","decl":{"start":{"line":34,"column":4},"end":{"line":34,"column":5}},"loc":{"start":{"line":34,"column":17},"end":{"line":37,"column":5}},"line":34}},"branchMap":{"0":{"loc":{"start":{"line":26,"column":15},"end":{"line":26,"column":67}},"type":"binary-expr","locations":[{"start":{"line":26,"column":15},"end":{"line":26,"column":39}},{"start":{"line":26,"column":43},"end":{"line":26,"column":67}}],"line":26}},"s":{"0":4,"1":4,"2":10,"3":0,"4":10,"5":6,"6":9,"7":6,"8":3,"9":3,"10":2,"11":2,"12":1,"13":1,"14":1,"15":1,"16":1,"17":1,"18":1,"19":1,"20":1,"21":1},"f":{"0":4,"1":10,"2":6,"3":3,"4":3,"5":2},"b":{"0":[3,2]},"_coverageSchema":"1a1c01bbd47fc00a2c39e90264f33305004495a9","hash":"6213248ca83483d0d68e047c20fb9a7be51a6f07"}
,"/Users/armasconi/401/data-structures-and-algorithms/tree/BinaryTree.js": {"path":"/Users/armasconi/401/data-structures-and-algorithms/tree/BinaryTree.js","statementMap":{"0":{"start":{"line":2,"column":16},"end":{"line":2,"column":61}},"1":{"start":{"line":6,"column":8},"end":{"line":6,"column":25}},"2":{"start":{"line":7,"column":8},"end":{"line":7,"column":25}},"3":{"start":{"line":8,"column":8},"end":{"line":8,"column":26}},"4":{"start":{"line":15,"column":8},"end":{"line":15,"column":25}},"5":{"start":{"line":20,"column":23},"end":{"line":20,"column":25}},"6":{"start":{"line":21,"column":25},"end":{"line":26,"column":9}},"7":{"start":{"line":22,"column":12},"end":{"line":22,"column":30}},"8":{"start":{"line":22,"column":23},"end":{"line":22,"column":30}},"9":{"start":{"line":23,"column":12},"end":{"line":23,"column":36}},"10":{"start":{"line":24,"column":12},"end":{"line":24,"column":32}},"11":{"start":{"line":25,"column":12},"end":{"line":25,"column":33}},"12":{"start":{"line":27,"column":8},"end":{"line":27,"column":28}},"13":{"start":{"line":28,"column":8},"end":{"line":28,"column":22}},"14":{"start":{"line":33,"column":23},"end":{"line":33,"column":25}},"15":{"start":{"line":34,"column":25},"end":{"line":39,"column":9}},"16":{"start":{"line":35,"column":12},"end":{"line":35,"column":30}},"17":{"start":{"line":35,"column":23},"end":{"line":35,"column":30}},"18":{"start":{"line":36,"column":12},"end":{"line":36,"column":32}},"19":{"start":{"line":37,"column":12},"end":{"line":37,"column":36}},"20":{"start":{"line":38,"column":12},"end":{"line":38,"column":33}},"21":{"start":{"line":40,"column":8},"end":{"line":40,"column":28}},"22":{"start":{"line":41,"column":8},"end":{"line":41,"column":22}},"23":{"start":{"line":46,"column":23},"end":{"line":46,"column":25}},"24":{"start":{"line":47,"column":25},"end":{"line":52,"column":9}},"25":{"start":{"line":48,"column":12},"end":{"line":48,"column":30}},"26":{"start":{"line":48,"column":23},"end":{"line":48,"column":30}},"27":{"start":{"line":49,"column":12},"end":{"line":49,"column":32}},"28":{"start":{"line":50,"column":12},"end":{"line":50,"column":33}},"29":{"start":{"line":51,"column":12},"end":{"line":51,"column":36}},"30":{"start":{"line":53,"column":8},"end":{"line":53,"column":28}},"31":{"start":{"line":54,"column":8},"end":{"line":54,"column":22}},"32":{"start":{"line":60,"column":24},"end":{"line":70,"column":9}},"33":{"start":{"line":61,"column":12},"end":{"line":61,"column":37}},"34":{"start":{"line":61,"column":23},"end":{"line":61,"column":37}},"35":{"start":{"line":62,"column":12},"end":{"line":64,"column":13}},"36":{"start":{"line":65,"column":12},"end":{"line":65,"column":50}},"37":{"start":{"line":67,"column":12},"end":{"line":67,"column":48}},"38":{"start":{"line":68,"column":12},"end":{"line":68,"column":49}},"39":{"start":{"line":69,"column":12},"end":{"line":69,"column":26}},"40":{"start":{"line":72,"column":8},"end":{"line":72,"column":36}},"41":{"start":{"line":72,"column":24},"end":{"line":72,"column":36}},"42":{"start":{"line":73,"column":8},"end":{"line":73,"column":60}},"43":{"start":{"line":78,"column":18},"end":{"line":78,"column":20}},"44":{"start":{"line":79,"column":18},"end":{"line":79,"column":22}},"45":{"start":{"line":80,"column":16},"end":{"line":80,"column":27}},"46":{"start":{"line":81,"column":8},"end":{"line":81,"column":24}},"47":{"start":{"line":82,"column":8},"end":{"line":88,"column":9}},"48":{"start":{"line":83,"column":22},"end":{"line":83,"column":33}},"49":{"start":{"line":84,"column":12},"end":{"line":84,"column":32}},"50":{"start":{"line":86,"column":12},"end":{"line":86,"column":46}},"51":{"start":{"line":86,"column":26},"end":{"line":86,"column":46}},"52":{"start":{"line":87,"column":12},"end":{"line":87,"column":48}},"53":{"start":{"line":87,"column":27},"end":{"line":87,"column":48}},"54":{"start":{"line":89,"column":8},"end":{"line":89,"column":19}},"55":{"start":{"line":94,"column":0},"end":{"line":94,"column":40}}},"fnMap":{"0":{"name":"(anonymous_0)","decl":{"start":{"line":5,"column":4},"end":{"line":5,"column":5}},"loc":{"start":{"line":5,"column":21},"end":{"line":9,"column":5}},"line":5},"1":{"name":"(anonymous_1)","decl":{"start":{"line":14,"column":4},"end":{"line":14,"column":5}},"loc":{"start":{"line":14,"column":18},"end":{"line":16,"column":5}},"line":14},"2":{"name":"(anonymous_2)","decl":{"start":{"line":19,"column":4},"end":{"line":19,"column":5}},"loc":{"start":{"line":19,"column":15},"end":{"line":29,"column":5}},"line":19},"3":{"name":"(anonymous_3)","decl":{"start":{"line":21,"column":25},"end":{"line":21,"column":26}},"loc":{"start":{"line":21,"column":35},"end":{"line":26,"column":9}},"line":21},"4":{"name":"(anonymous_4)","decl":{"start":{"line":32,"column":4},"end":{"line":32,"column":5}},"loc":{"start":{"line":32,"column":14},"end":{"line":42,"column":5}},"line":32},"5":{"name":"(anonymous_5)","decl":{"start":{"line":34,"column":25},"end":{"line":34,"column":26}},"loc":{"start":{"line":34,"column":35},"end":{"line":39,"column":9}},"line":34},"6":{"name":"(anonymous_6)","decl":{"start":{"line":45,"column":4},"end":{"line":45,"column":5}},"loc":{"start":{"line":45,"column":16},"end":{"line":55,"column":5}},"line":45},"7":{"name":"(anonymous_7)","decl":{"start":{"line":47,"column":25},"end":{"line":47,"column":26}},"loc":{"start":{"line":47,"column":35},"end":{"line":52,"column":9}},"line":47},"8":{"name":"(anonymous_8)","decl":{"start":{"line":58,"column":4},"end":{"line":58,"column":5}},"loc":{"start":{"line":58,"column":19},"end":{"line":74,"column":5}},"line":58},"9":{"name":"(anonymous_9)","decl":{"start":{"line":60,"column":24},"end":{"line":60,"column":25}},"loc":{"start":{"line":60,"column":42},"end":{"line":70,"column":9}},"line":60},"10":{"name":"(anonymous_10)","decl":{"start":{"line":77,"column":4},"end":{"line":77,"column":5}},"loc":{"start":{"line":77,"column":14},"end":{"line":90,"column":5}},"line":77}},"branchMap":{"0":{"loc":{"start":{"line":22,"column":12},"end":{"line":22,"column":30}},"type":"if","locations":[{"start":{"line":22,"column":12},"end":{"line":22,"column":30}},{"start":{},"end":{}}],"line":22},"1":{"loc":{"start":{"line":35,"column":12},"end":{"line":35,"column":30}},"type":"if","locations":[{"start":{"line":35,"column":12},"end":{"line":35,"column":30}},{"start":{},"end":{}}],"line":35},"2":{"loc":{"start":{"line":48,"column":12},"end":{"line":48,"column":30}},"type":"if","locations":[{"start":{"line":48,"column":12},"end":{"line":48,"column":30}},{"start":{},"end":{}}],"line":48},"3":{"loc":{"start":{"line":61,"column":12},"end":{"line":61,"column":37}},"type":"if","locations":[{"start":{"line":61,"column":12},"end":{"line":61,"column":37}},{"start":{},"end":{}}],"line":61},"4":{"loc":{"start":{"line":72,"column":8},"end":{"line":72,"column":36}},"type":"if","locations":[{"start":{"line":72,"column":8},"end":{"line":72,"column":36}},{"start":{},"end":{}}],"line":72},"5":{"loc":{"start":{"line":86,"column":12},"end":{"line":86,"column":46}},"type":"if","locations":[{"start":{"line":86,"column":12},"end":{"line":86,"column":46}},{"start":{},"end":{}}],"line":86},"6":{"loc":{"start":{"line":87,"column":12},"end":{"line":87,"column":48}},"type":"if","locations":[{"start":{"line":87,"column":12},"end":{"line":87,"column":48}},{"start":{},"end":{}}],"line":87}},"s":{"0":2,"1":27,"2":27,"3":27,"4":7,"5":0,"6":0,"7":0,"8":0,"9":0,"10":0,"11":0,"12":0,"13":0,"14":0,"15":0,"16":0,"17":0,"18":0,"19":0,"20":0,"21":0,"22":0,"23":0,"24":0,"25":0,"26":0,"27":0,"28":0,"29":0,"30":0,"31":0,"32":4,"33":29,"34":16,"35":13,"36":13,"37":13,"38":13,"39":13,"40":4,"41":1,"42":3,"43":3,"44":3,"45":3,"46":3,"47":3,"48":15,"49":15,"50":14,"51":6,"52":14,"53":6,"54":2,"55":2},"f":{"0":27,"1":7,"2":0,"3":0,"4":0,"5":0,"6":0,"7":0,"8":4,"9":29,"10":3},"b":{"0":[0,0],"1":[0,0],"2":[0,0],"3":[16,13],"4":[1,3],"5":[6,8],"6":[6,8]},"_coverageSchema":"1a1c01bbd47fc00a2c39e90264f33305004495a9","hash":"5302baef8be411799fbff95ae39e2e9f858cb3ed"}
}
