TN:
SF:code-challenges/linked-list-zip/zipLists.js
FN:4,zipLists
FNF:1
FNH:1
FNDA:1,zipLists
DA:1,1
DA:2,1
DA:5,1
DA:6,1
DA:7,0
DA:9,1
DA:10,1
DA:12,1
DA:13,3
DA:14,3
DA:16,3
DA:19,3
DA:20,2
DA:21,2
DA:22,2
DA:23,2
DA:24,1
DA:26,1
DA:28,1
LF:19
LH:18
BRDA:5,0,0,0
BRDA:5,0,1,1
BRDA:5,1,0,1
BRDA:5,1,1,0
BRDA:6,2,0,0
BRDA:6,2,1,1
BRDA:6,3,0,1
BRDA:6,3,1,1
BRDA:7,4,0,0
BRDA:7,4,1,0
BRDA:12,5,0,3
BRDA:12,5,1,3
BRDA:19,6,0,2
BRDA:19,6,1,1
BRF:14
BRH:9
end_of_record
TN:
SF:linked-list/LinkedList.js
FN:4,(anonymous_0)
FN:8,(anonymous_1)
FN:20,(anonymous_2)
FN:24,(anonymous_3)
FN:34,(anonymous_4)
FN:47,(anonymous_5)
FN:63,(anonymous_6)
FN:88,(anonymous_7)
FN:102,(anonymous_8)
FNF:9
FNH:3
FNDA:19,(anonymous_0)
FNDA:0,(anonymous_1)
FNDA:0,(anonymous_2)
FNDA:0,(anonymous_3)
FNDA:0,(anonymous_4)
FNDA:25,(anonymous_5)
FNDA:2,(anonymous_6)
FNDA:0,(anonymous_7)
FNDA:0,(anonymous_8)
DA:1,2
DA:5,19
DA:9,0
DA:10,0
DA:11,0
DA:12,0
DA:13,0
DA:14,0
DA:16,0
DA:21,0
DA:25,0
DA:26,0
DA:27,0
DA:28,0
DA:29,0
DA:31,0
DA:35,0
DA:36,0
DA:37,0
DA:38,0
DA:39,0
DA:41,0
DA:42,0
DA:48,25
DA:51,25
DA:52,10
DA:53,10
DA:56,15
DA:57,15
DA:58,15
DA:60,15
DA:64,2
DA:65,2
DA:67,2
DA:68,0
DA:69,0
DA:70,0
DA:72,2
DA:73,2
DA:74,4
DA:76,2
DA:77,2
DA:78,2
DA:79,2
DA:81,2
DA:82,2
DA:85,0
DA:89,0
DA:90,0
DA:91,0
DA:92,0
DA:93,0
DA:94,0
DA:96,0
DA:98,0
DA:103,0
DA:104,0
DA:105,0
DA:106,0
DA:107,0
DA:109,0
DA:110,0
DA:111,0
DA:113,0
DA:119,2
LF:65
LH:23
BRDA:27,0,0,0
BRDA:27,0,1,0
BRDA:51,1,0,10
BRDA:51,1,1,15
BRDA:67,2,0,0
BRDA:67,2,1,2
BRDA:74,3,0,2
BRDA:74,3,1,2
BRDA:77,4,0,2
BRDA:77,4,1,0
BRDA:92,5,0,0
BRDA:92,5,1,0
BRF:12
BRH:6
end_of_record
TN:
SF:linked-list/SLLNode.js
FN:2,(anonymous_0)
FNF:1
FNH:1
FNDA:31,(anonymous_0)
DA:3,31
DA:4,31
DA:7,2
LF:3
LH:3
BRF:0
BRH:0
end_of_record
TN:
SF:stack-and-queue/stack-and-queue.js
FN:5,(anonymous_0)
FN:9,(anonymous_1)
FN:15,(anonymous_2)
FN:24,(anonymous_3)
FN:31,(anonymous_4)
FN:37,(anonymous_5)
FN:41,(anonymous_6)
FN:45,(anonymous_7)
FN:54,(anonymous_8)
FN:61,(anonymous_9)
FNF:10
FNH:10
FNDA:6,(anonymous_0)
FNDA:4,(anonymous_1)
FNDA:2,(anonymous_2)
FNDA:3,(anonymous_3)
FNDA:2,(anonymous_4)
FNDA:6,(anonymous_5)
FNDA:4,(anonymous_6)
FNDA:2,(anonymous_7)
FNDA:3,(anonymous_8)
FNDA:2,(anonymous_9)
DA:1,1
DA:2,1
DA:6,6
DA:10,4
DA:11,4
DA:12,4
DA:16,2
DA:17,1
DA:19,1
DA:20,1
DA:21,1
DA:25,3
DA:26,1
DA:28,2
DA:32,2
DA:38,6
DA:42,4
DA:46,2
DA:47,1
DA:49,1
DA:50,1
DA:51,1
DA:55,3
DA:56,1
DA:58,2
DA:62,2
DA:67,1
LF:27
LH:27
BRDA:16,0,0,1
BRDA:16,0,1,1
BRDA:25,1,0,1
BRDA:25,1,1,2
BRDA:46,2,0,1
BRDA:46,2,1,1
BRDA:55,3,0,1
BRDA:55,3,1,2
BRF:8
BRH:8
end_of_record
TN:
SF:stack-and-queue/pseudoQueue/pseudoQueue.js
FN:2,(anonymous_0)
FN:7,(anonymous_1)
FN:16,(anonymous_2)
FN:25,(anonymous_3)
FN:29,(anonymous_4)
FN:34,(anonymous_5)
FNF:6
FNH:6
FNDA:4,(anonymous_0)
FNDA:10,(anonymous_1)
FNDA:6,(anonymous_2)
FNDA:3,(anonymous_3)
FNDA:3,(anonymous_4)
FNDA:2,(anonymous_5)
DA:3,4
DA:4,4
DA:9,10
DA:10,0
DA:13,10
DA:18,6
DA:19,9
DA:22,6
DA:26,3
DA:30,3
DA:35,2
DA:36,2
DA:41,1
DA:42,1
DA:43,1
DA:44,1
DA:45,1
DA:46,1
DA:47,1
DA:48,1
DA:49,1
DA:52,1
LF:22
LH:21
BRDA:26,0,0,3
BRDA:26,0,1,2
BRF:2
BRH:2
end_of_record
