TN:
SF:code-challenges/linked-list-zip/zipLists.js
FN:4,zipLists
FNF:1
FNH:1
FNDA:2,zipLists
DA:1,1
DA:2,1
DA:5,2
DA:6,2
DA:7,0
DA:9,2
DA:10,2
DA:12,2
DA:13,5
DA:14,5
DA:16,5
DA:19,5
DA:20,3
DA:21,3
DA:22,3
DA:23,3
DA:24,2
DA:26,2
DA:31,1
DA:32,1
DA:34,1
DA:35,1
DA:36,1
DA:37,1
DA:38,1
DA:39,1
DA:41,1
DA:42,1
DA:43,1
DA:44,1
DA:48,1
DA:50,1
DA:51,1
DA:52,5
DA:53,5
DA:63,1
LF:36
LH:35
BRDA:5,0,0,0
BRDA:5,0,1,2
BRDA:5,1,0,2
BRDA:5,1,1,0
BRDA:6,2,0,0
BRDA:6,2,1,2
BRDA:6,3,0,2
BRDA:6,3,1,2
BRDA:7,4,0,0
BRDA:7,4,1,0
BRDA:12,5,0,5
BRDA:12,5,1,5
BRDA:19,6,0,3
BRDA:19,6,1,2
BRF:14
BRH:9
end_of_record
TN:
SF:linked-list/LinkedList.js
FN:4,(anonymous_0)
FN:8,(anonymous_1)
FN:20,(anonymous_2)
FN:24,(anonymous_3)
FN:34,(anonymous_4)
FN:47,(anonymous_5)
FN:63,(anonymous_6)
FN:88,(anonymous_7)
FN:102,(anonymous_8)
FNF:9
FNH:5
FNDA:10,(anonymous_0)
FNDA:0,(anonymous_1)
FNDA:2,(anonymous_2)
FNDA:0,(anonymous_3)
FNDA:1,(anonymous_4)
FNDA:22,(anonymous_5)
FNDA:2,(anonymous_6)
FNDA:0,(anonymous_7)
FNDA:0,(anonymous_8)
DA:1,1
DA:5,10
DA:9,0
DA:10,0
DA:11,0
DA:12,0
DA:13,0
DA:14,0
DA:16,0
DA:21,2
DA:25,0
DA:26,0
DA:27,0
DA:28,0
DA:29,0
DA:31,0
DA:35,1
DA:36,1
DA:37,1
DA:38,1
DA:39,1
DA:41,1
DA:42,1
DA:48,22
DA:51,22
DA:52,7
DA:53,7
DA:56,15
DA:57,15
DA:58,15
DA:60,15
DA:64,2
DA:65,2
DA:67,2
DA:68,0
DA:69,0
DA:70,0
DA:72,2
DA:73,2
DA:74,4
DA:76,2
DA:77,2
DA:78,2
DA:79,2
DA:81,2
DA:82,2
DA:85,0
DA:89,0
DA:90,0
DA:91,0
DA:92,0
DA:93,0
DA:94,0
DA:96,0
DA:98,0
DA:103,0
DA:104,0
DA:105,0
DA:106,0
DA:107,0
DA:109,0
DA:110,0
DA:111,0
DA:113,0
DA:118,1
DA:119,1
DA:120,1
DA:121,1
DA:123,1
DA:124,1
DA:126,1
DA:127,1
DA:130,1
DA:136,1
LF:74
LH:40
BRDA:27,0,0,0
BRDA:27,0,1,0
BRDA:51,1,0,7
BRDA:51,1,1,15
BRDA:67,2,0,0
BRDA:67,2,1,2
BRDA:74,3,0,2
BRDA:74,3,1,2
BRDA:77,4,0,2
BRDA:77,4,1,0
BRDA:92,5,0,0
BRDA:92,5,1,0
BRF:12
BRH:6
end_of_record
TN:
SF:linked-list/SLLNode.js
FN:2,(anonymous_0)
FNF:1
FNH:1
FNDA:33,(anonymous_0)
DA:3,33
DA:4,33
DA:7,1
LF:3
LH:3
BRF:0
BRH:0
end_of_record
